#
# There is insufficient memory for the Java Runtime Environment to continue.
# Native memory allocation (mmap) failed to map 628883456 bytes for committing reserved memory.
# Possible reasons:
#   The system is out of physical RAM or swap space
#   In 32 bit mode, the process size limit was hit
# Possible solutions:
#   Reduce memory load on the system
#   Increase physical memory or swap space
#   Check if swap backing store is full
#   Use 64 bit Java on a 64 bit OS
#   Decrease Java heap size (-Xmx/-Xms)
#   Decrease number of Java threads
#   Decrease Java thread stack sizes (-Xss)
#   Set larger code cache with -XX:ReservedCodeCacheSize=
# This output file may be truncated or incomplete.
#
#  Out of Memory Error (os_linux.cpp:2640), pid=7925, tid=0x00007f6a565a3700
#
# JRE version: Java(TM) SE Runtime Environment (8.0_144-b01) (build 1.8.0_144-b01)
# Java VM: Java HotSpot(TM) 64-Bit Server VM (25.144-b01 mixed mode linux-amd64 compressed oops)
# Core dump written. Default location: /home/hong/IdeaProjects/Clustering/core or core.7925
#

---------------  T H R E A D  ---------------

Current thread (0x00007f6a680a1000):  VMThread [stack: 0x00007f6a564a3000,0x00007f6a565a4000] [id=7932]

Stack: [0x00007f6a564a3000,0x00007f6a565a4000],  sp=0x00007f6a565a21b0,  free space=1020k
Native frames: (J=compiled Java code, j=interpreted, Vv=VM code, C=native code)
V  [libjvm.so+0xacb18a]  VMError::report_and_die()+0x2ba
V  [libjvm.so+0x4ff4db]  report_vm_out_of_memory(char const*, int, unsigned long, VMErrorType, char const*)+0x8b
V  [libjvm.so+0x927d23]  os::Linux::commit_memory_impl(char*, unsigned long, bool)+0x103
V  [libjvm.so+0x928279]  os::pd_commit_memory(char*, unsigned long, unsigned long, bool)+0x29
V  [libjvm.so+0x92249a]  os::commit_memory(char*, unsigned long, unsigned long, bool)+0x2a
V  [libjvm.so+0xac6ee9]  VirtualSpace::expand_by(unsigned long, bool)+0x199
V  [libjvm.so+0x5fcbe5]  OneContigSpaceCardGeneration::grow_by(unsigned long)+0x25
V  [libjvm.so+0x5fd05e]  OneContigSpaceCardGeneration::expand(unsigned long, unsigned long)+0x3e
V  [libjvm.so+0x5ee304]  GenCollectedHeap::do_collection(bool, bool, unsigned long, bool, int)+0x734
V  [libjvm.so+0x48a444]  GenCollectorPolicy::satisfy_failed_allocation(unsigned long, bool)+0x134
V  [libjvm.so+0xacc194]  VM_GenCollectForAllocation::doit()+0x94
V  [libjvm.so+0xad4685]  VM_Operation::evaluate()+0x55
V  [libjvm.so+0xad2a5a]  VMThread::evaluate_operation(VM_Operation*)+0xba
V  [libjvm.so+0xad2dde]  VMThread::loop()+0x1ce
V  [libjvm.so+0xad3250]  VMThread::run()+0x70
V  [libjvm.so+0x92a338]  java_start(Thread*)+0x108

VM_Operation (0x00007f6a6e382600): GenCollectForAllocation, mode: safepoint, requested by thread 0x00007f6a68015800


---------------  P R O C E S S  ---------------

Java Threads: ( => current thread )
  0x00007f6a3c074000 JavaThread "Executor task launch worker for task 48" daemon [_thread_blocked, id=8016, stack(0x00007f6a30968000,0x00007f6a30a69000)]
  0x00007f6a3c072800 JavaThread "block-manager-ask-thread-pool-0" daemon [_thread_blocked, id=8015, stack(0x00007f6a30867000,0x00007f6a30968000)]
  0x00007f6a3c070800 JavaThread "task-result-getter-3" daemon [_thread_blocked, id=8012, stack(0x00007f6a30a69000,0x00007f6a30b6a000)]
  0x00007f6a3c06f800 JavaThread "task-result-getter-2" daemon [_thread_blocked, id=8009, stack(0x00007f6a3106f000,0x00007f6a31170000)]
  0x00007f6a50075000 JavaThread "block-manager-slave-async-thread-pool-2" daemon [_thread_blocked, id=8008, stack(0x00007f6a30b6a000,0x00007f6a30c6b000)]
  0x00007f6a50072000 JavaThread "block-manager-slave-async-thread-pool-1" daemon [_thread_blocked, id=8007, stack(0x00007f6a30c6b000,0x00007f6a30d6c000)]
  0x00007f6a3c06d800 JavaThread "block-manager-slave-async-thread-pool-0" daemon [_thread_blocked, id=8006, stack(0x00007f6a30d6c000,0x00007f6a30e6d000)]
  0x00007f6a2c029000 JavaThread "threadDeathWatcher-7-1" daemon [_thread_blocked, id=8005, stack(0x00007f6a30e6d000,0x00007f6a30f6e000)]
  0x00007f6a38f0a800 JavaThread "shuffle-client-4-1" daemon [_thread_in_native, id=8004, stack(0x00007f6a30f6e000,0x00007f6a3106f000)]
  0x00007f6a3c058000 JavaThread "task-result-getter-1" daemon [_thread_blocked, id=8001, stack(0x00007f6a31170000,0x00007f6a31271000)]
  0x00007f6a3c04b800 JavaThread "task-result-getter-0" daemon [_thread_blocked, id=7994, stack(0x00007f6a31471000,0x00007f6a31572000)]
  0x00007f6a3c048000 JavaThread "Executor task launch worker for task 47" daemon [_thread_blocked, id=7990, stack(0x00007f6a320eb000,0x00007f6a321ec000)]
  0x00007f6a69df2000 JavaThread "org.apache.hadoop.fs.FileSystem$Statistics$StatisticsDataReferenceCleaner" daemon [_thread_blocked, id=7984, stack(0x00007f6a321ec000,0x00007f6a322ed000)]
  0x00007f6a69aae000 JavaThread "SparkListenerBus" daemon [_thread_blocked, id=7983, stack(0x00007f6a326ed000,0x00007f6a327ee000)]
  0x00007f6a69aaa800 JavaThread "context-cleaner-periodic-gc" daemon [_thread_blocked, id=7982, stack(0x00007f6a327ee000,0x00007f6a328ef000)]
  0x00007f6a69aa8800 JavaThread "Spark Context Cleaner" daemon [_thread_blocked, id=7981, stack(0x00007f6a328ef000,0x00007f6a329f0000)]
  0x00007f6a699aa000 JavaThread "shuffle-server-5-1" daemon [_thread_in_native, id=7980, stack(0x00007f6a32bf0000,0x00007f6a32cf1000)]
  0x00007f6a699a1000 JavaThread "driver-heartbeater" daemon [_thread_blocked, id=7979, stack(0x00007f6a32cf1000,0x00007f6a32df2000)]
  0x00007f6a6998c000 JavaThread "dag-scheduler-event-loop" daemon [_thread_blocked, id=7978, stack(0x00007f6a32df2000,0x00007f6a32ef3000)]
  0x00007f6a4c00e800 JavaThread "netty-rpc-env-timeout" daemon [_thread_blocked, id=7977, stack(0x00007f6a32ef3000,0x00007f6a32ff4000)]
  0x00007f6a6995b800 JavaThread "Timer-0" daemon [_thread_blocked, id=7976, stack(0x00007f6a32ff4000,0x00007f6a330f5000)]
  0x00007f6a4c002000 JavaThread "heartbeat-receiver-event-loop-thread" daemon [_thread_blocked, id=7975, stack(0x00007f6a330f5000,0x00007f6a331f6000)]
  0x00007f6a698f3800 JavaThread "SparkUI-33" daemon [_thread_blocked, id=7974, stack(0x00007f6a333f6000,0x00007f6a334f7000)]
  0x00007f6a698f2000 JavaThread "SparkUI-32" daemon [_thread_blocked, id=7973, stack(0x00007f6a334f7000,0x00007f6a335f8000)]
  0x00007f6a698f0000 JavaThread "SparkUI-31" daemon [_thread_blocked, id=7972, stack(0x00007f6a335f8000,0x00007f6a336f9000)]
  0x00007f6a698ee800 JavaThread "SparkUI-30" daemon [_thread_blocked, id=7971, stack(0x00007f6a336f9000,0x00007f6a337fa000)]
  0x00007f6a698ec800 JavaThread "SparkUI-29" daemon [_thread_blocked, id=7970, stack(0x00007f6a337fa000,0x00007f6a338fb000)]
  0x00007f6a698eb000 JavaThread "SparkUI-28" daemon [_thread_blocked, id=7969, stack(0x00007f6a338fb000,0x00007f6a339fc000)]
  0x00007f6a698e9000 JavaThread "SparkUI-27-acceptor-0@33f5a547-ServerConnector@3d325d49{HTTP/1.1,[http/1.1]}{0.0.0.0:4040}" daemon [_thread_in_native, id=7968, stack(0x00007f6a339fc000,0x00007f6a33afd000)]
  0x00007f6a698e7800 JavaThread "SparkUI-26" daemon [_thread_in_native, id=7967, stack(0x00007f6a33afd000,0x00007f6a33bfe000)]
  0x00007f6a697e2800 JavaThread "map-output-dispatcher-7" daemon [_thread_blocked, id=7966, stack(0x00007f6a33dfe000,0x00007f6a33eff000)]
  0x00007f6a697e0800 JavaThread "map-output-dispatcher-6" daemon [_thread_blocked, id=7965, stack(0x00007f6a33eff000,0x00007f6a34000000)]
  0x00007f6a697df000 JavaThread "map-output-dispatcher-5" daemon [_thread_blocked, id=7964, stack(0x00007f6a40047000,0x00007f6a40148000)]
  0x00007f6a697dd000 JavaThread "map-output-dispatcher-4" daemon [_thread_blocked, id=7963, stack(0x00007f6a40148000,0x00007f6a40249000)]
  0x00007f6a697db800 JavaThread "map-output-dispatcher-3" daemon [_thread_blocked, id=7962, stack(0x00007f6a40249000,0x00007f6a4034a000)]
  0x00007f6a697d9800 JavaThread "map-output-dispatcher-2" daemon [_thread_blocked, id=7961, stack(0x00007f6a4034a000,0x00007f6a4044b000)]
  0x00007f6a697d4800 JavaThread "map-output-dispatcher-1" daemon [_thread_blocked, id=7960, stack(0x00007f6a4044b000,0x00007f6a4054c000)]
  0x00007f6a697d2000 JavaThread "map-output-dispatcher-0" daemon [_thread_blocked, id=7959, stack(0x00007f6a4054c000,0x00007f6a4064d000)]
  0x00007f6a697b8800 JavaThread "rpc-server-3-1" daemon [_thread_blocked, id=7958, stack(0x00007f6a4064d000,0x00007f6a4074e000)]
  0x00007f6a696a6800 JavaThread "dispatcher-event-loop-1" daemon [_thread_blocked, id=7957, stack(0x00007f6a40b5f000,0x00007f6a40c60000)]
  0x00007f6a696a5800 JavaThread "dispatcher-event-loop-0" daemon [_thread_blocked, id=7956, stack(0x00007f6a5400b000,0x00007f6a5410c000)]
  0x00007f6a6924d800 JavaThread "Service Thread" daemon [_thread_blocked, id=7946, stack(0x00007f6a54866000,0x00007f6a54967000)]
  0x00007f6a69240800 JavaThread "C1 CompilerThread1" daemon [_thread_blocked, id=7945, stack(0x00007f6a54967000,0x00007f6a54a68000)]
  0x00007f6a6923e000 JavaThread "C2 CompilerThread0" daemon [_thread_blocked, id=7944, stack(0x00007f6a54a68000,0x00007f6a54b69000)]
  0x00007f6a6922c800 JavaThread "Monitor Ctrl-Break" daemon [_thread_in_native, id=7943, stack(0x00007f6a54b69000,0x00007f6a54c6a000)]
  0x00007f6a680e0000 JavaThread "Signal Dispatcher" daemon [_thread_blocked, id=7942, stack(0x00007f6a561a0000,0x00007f6a562a1000)]
  0x00007f6a680ad000 JavaThread "Finalizer" daemon [_thread_blocked, id=7934, stack(0x00007f6a562a1000,0x00007f6a563a2000)]
  0x00007f6a680a8800 JavaThread "Reference Handler" daemon [_thread_blocked, id=7933, stack(0x00007f6a563a2000,0x00007f6a564a3000)]
  0x00007f6a68015800 JavaThread "main" [_thread_blocked, id=7928, stack(0x00007f6a6e283000,0x00007f6a6e384000)]

Other Threads:
=>0x00007f6a680a1000 VMThread [stack: 0x00007f6a564a3000,0x00007f6a565a4000] [id=7932]
  0x00007f6a69251000 WatcherThread [stack: 0x00007f6a5454e000,0x00007f6a5464f000] [id=7947]

VM state:at safepoint (normal execution)

VM Mutex/Monitor currently owned by a thread:  ([mutex/lock_event])
[0x00007f6a6800ba60] Threads_lock - owner thread: 0x00007f6a680a1000
[0x00007f6a6800bf60] Heap_lock - owner thread: 0x00007f6a68015800

Heap:
 def new generation   total 629248K, used 45733K [0x0000000700000000, 0x000000072aac0000, 0x0000000740000000)
  eden space 559360K,   8% used [0x0000000700000000, 0x0000000702ca94c0, 0x0000000722240000)
  from space 69888K,   0% used [0x0000000726680000, 0x0000000726680000, 0x000000072aac0000)
  to   space 69888K,   0% used [0x0000000722240000, 0x0000000722240000, 0x0000000726680000)
 tenured generation   total 1483008K, used 1483003K [0x0000000740000000, 0x000000079a840000, 0x00000007c0000000)
   the space 1483008K,  99% used [0x0000000740000000, 0x000000079a83ed40, 0x000000079a83ee00, 0x000000079a840000)
 Metaspace       used 42552K, capacity 42974K, committed 43224K, reserved 1087488K
  class space    used 6034K, capacity 6142K, committed 6144K, reserved 1048576K

Card table byte_map: [0x00007f6a573ce000,0x00007f6a579cf000] byte_map_base: 0x00007f6a53bce000

Polling page: 0x00007f6a6e39b000

CodeCache: size=245760Kb used=10236Kb max_used=10247Kb free=235523Kb
 bounds [0x00007f6a57d8f000, 0x00007f6a587af000, 0x00007f6a66d8f000]
 total_blobs=4436 nmethods=3872 adapters=476
 compilation: enabled

Compilation events (10 events):
Event: 73.505 Thread 0x00007f6a6923e000 nmethod 4591 0x00007f6a5879b110 code [0x00007f6a5879b260, 0x00007f6a5879b3b8]
Event: 73.538 Thread 0x00007f6a6923e000 4592       4       org.apache.spark.mllib.linalg.Vectors::dense (8 bytes)
Event: 73.539 Thread 0x00007f6a6923e000 nmethod 4592 0x00007f6a5879ae50 code [0x00007f6a5879afa0, 0x00007f6a5879b058]
Event: 73.547 Thread 0x00007f6a6923e000 4593       4       scala.collection.convert.Wrappers$SeqWrapper::underlying (5 bytes)
Event: 73.548 Thread 0x00007f6a6923e000 nmethod 4593 0x00007f6a5877fdd0 code [0x00007f6a5877ff20, 0x00007f6a5877ff98]
Event: 73.548 Thread 0x00007f6a6923e000 4594       4       scala.collection.convert.Wrappers$IterableWrapperTrait$class::iterator (25 bytes)
Event: 73.551 Thread 0x00007f6a6923e000 nmethod 4594 0x00007f6a5879a850 code [0x00007f6a5879a9c0, 0x00007f6a5879abf8]
Event: 73.551 Thread 0x00007f6a6923e000 4595       4       scala.collection.convert.Wrappers$SeqWrapper::scala$collection$convert$Wrappers$IterableWrapperTrait$$$outer (5 bytes)
Event: 73.553 Thread 0x00007f6a6923e000 nmethod 4595 0x00007f6a586eb2d0 code [0x00007f6a586eb420, 0x00007f6a586eb498]
Event: 79.744 Thread 0x00007f6a69240800 4596       3       java.util.concurrent.atomic.AtomicIntegerFieldUpdater$AtomicIntegerFieldUpdaterImpl::accessCheck (17 bytes)

GC Heap History (10 events):
Event: 54.638 GC heap after
Heap after GC invocations=6 (full 2):
 def new generation   total 629248K, used 67960K [0x0000000700000000, 0x000000072aac0000, 0x0000000740000000)
  eden space 559360K,   0% used [0x0000000700000000, 0x0000000700000000, 0x0000000722240000)
  from space 69888K,  97% used [0x0000000722240000, 0x000000072649e368, 0x0000000726680000)
  to   space 69888K,   0% used [0x0000000726680000, 0x0000000726680000, 0x000000072aac0000)
 tenured generation   total 1398144K, used 180963K [0x0000000740000000, 0x0000000795560000, 0x00000007c0000000)
   the space 1398144K,  12% used [0x0000000740000000, 0x000000074b0b8ee8, 0x000000074b0b9000, 0x0000000795560000)
 Metaspace       used 42274K, capacity 42718K, committed 42968K, reserved 1085440K
  class space    used 6026K, capacity 6142K, committed 6144K, reserved 1048576K
}
Event: 60.412 GC heap before
{Heap before GC invocations=6 (full 2):
 def new generation   total 629248K, used 627320K [0x0000000700000000, 0x000000072aac0000, 0x0000000740000000)
  eden space 559360K, 100% used [0x0000000700000000, 0x0000000722240000, 0x0000000722240000)
  from space 69888K,  97% used [0x0000000722240000, 0x000000072649e368, 0x0000000726680000)
  to   space 69888K,   0% used [0x0000000726680000, 0x0000000726680000, 0x000000072aac0000)
 tenured generation   total 1398144K, used 180963K [0x0000000740000000, 0x0000000795560000, 0x00000007c0000000)
   the space 1398144K,  12% used [0x0000000740000000, 0x000000074b0b8ee8, 0x000000074b0b9000, 0x0000000795560000)
 Metaspace       used 42341K, capacity 42782K, committed 42968K, reserved 1085440K
  class space    used 6026K, capacity 6142K, committed 6144K, reserved 1048576K
Event: 60.646 GC heap after
Heap after GC invocations=7 (full 2):
 def new generation   total 629248K, used 68565K [0x0000000700000000, 0x000000072aac0000, 0x0000000740000000)
  eden space 559360K,   0% used [0x0000000700000000, 0x0000000700000000, 0x0000000722240000)
  from space 69888K,  98% used [0x0000000726680000, 0x000000072a975748, 0x000000072aac0000)
  to   space 69888K,   0% used [0x0000000722240000, 0x0000000722240000, 0x0000000726680000)
 tenured generation   total 1398144K, used 216650K [0x0000000740000000, 0x0000000795560000, 0x00000007c0000000)
   the space 1398144K,  15% used [0x0000000740000000, 0x000000074d392a20, 0x000000074d392c00, 0x0000000795560000)
 Metaspace       used 42341K, capacity 42782K, committed 42968K, reserved 1085440K
  class space    used 6026K, capacity 6142K, committed 6144K, reserved 1048576K
}
Event: 66.499 GC heap before
{Heap before GC invocations=7 (full 2):
 def new generation   total 629248K, used 627925K [0x0000000700000000, 0x000000072aac0000, 0x0000000740000000)
  eden space 559360K, 100% used [0x0000000700000000, 0x0000000722240000, 0x0000000722240000)
  from space 69888K,  98% used [0x0000000726680000, 0x000000072a975748, 0x000000072aac0000)
  to   space 69888K,   0% used [0x0000000722240000, 0x0000000722240000, 0x0000000726680000)
 tenured generation   total 1398144K, used 216650K [0x0000000740000000, 0x0000000795560000, 0x00000007c0000000)
   the space 1398144K,  15% used [0x0000000740000000, 0x000000074d392a20, 0x000000074d392c00, 0x0000000795560000)
 Metaspace       used 42398K, capacity 42846K, committed 42968K, reserved 1085440K
  class space    used 6026K, capacity 6142K, committed 6144K, reserved 1048576K
Event: 66.666 GC heap after
Heap after GC invocations=8 (full 2):
 def new generation   total 629248K, used 51913K [0x0000000700000000, 0x000000072aac0000, 0x0000000740000000)
  eden space 559360K,   0% used [0x0000000700000000, 0x0000000700000000, 0x0000000722240000)
  from space 69888K,  74% used [0x0000000722240000, 0x00000007254f2740, 0x0000000726680000)
  to   space 69888K,   0% used [0x0000000726680000, 0x0000000726680000, 0x000000072aac0000)
 tenured generation   total 1398144K, used 249103K [0x0000000740000000, 0x0000000795560000, 0x00000007c0000000)
   the space 1398144K,  17% used [0x0000000740000000, 0x000000074f343c60, 0x000000074f343e00, 0x0000000795560000)
 Metaspace       used 42398K, capacity 42846K, committed 42968K, reserved 1085440K
  class space    used 6026K, capacity 6142K, committed 6144K, reserved 1048576K
}
Event: 73.658 GC heap before
{Heap before GC invocations=8 (full 2):
 def new generation   total 629248K, used 611273K [0x0000000700000000, 0x000000072aac0000, 0x0000000740000000)
  eden space 559360K, 100% used [0x0000000700000000, 0x0000000722240000, 0x0000000722240000)
  from space 69888K,  74% used [0x0000000722240000, 0x00000007254f2740, 0x0000000726680000)
  to   space 69888K,   0% used [0x0000000726680000, 0x0000000726680000, 0x000000072aac0000)
 tenured generation   total 1398144K, used 249103K [0x0000000740000000, 0x0000000795560000, 0x00000007c0000000)
   the space 1398144K,  17% used [0x0000000740000000, 0x000000074f343c60, 0x000000074f343e00, 0x0000000795560000)
 Metaspace       used 42552K, capacity 42974K, committed 43224K, reserved 1087488K
  class space    used 6034K, capacity 6142K, committed 6144K, reserved 1048576K
Event: 73.932 GC heap after
Heap after GC invocations=9 (full 2):
 def new generation   total 629248K, used 69888K [0x0000000700000000, 0x000000072aac0000, 0x0000000740000000)
  eden space 559360K,   0% used [0x0000000700000000, 0x0000000700000000, 0x0000000722240000)
  from space 69888K, 100% used [0x0000000726680000, 0x000000072aac0000, 0x000000072aac0000)
  to   space 69888K,   0% used [0x0000000722240000, 0x0000000722240000, 0x0000000726680000)
 tenured generation   total 1398144K, used 369971K [0x0000000740000000, 0x0000000795560000, 0x00000007c0000000)
   the space 1398144K,  26% used [0x0000000740000000, 0x000000075694cde8, 0x000000075694ce00, 0x0000000795560000)
 Metaspace       used 42552K, capacity 42974K, committed 43224K, reserved 1087488K
  class space    used 6034K, capacity 6142K, committed 6144K, reserved 1048576K
}
Event: 75.108 GC heap before
{Heap before GC invocations=9 (full 2):
 def new generation   total 629248K, used 629248K [0x0000000700000000, 0x000000072aac0000, 0x0000000740000000)
  eden space 559360K, 100% used [0x0000000700000000, 0x0000000722240000, 0x0000000722240000)
  from space 69888K, 100% used [0x0000000726680000, 0x000000072aac0000, 0x000000072aac0000)
  to   space 69888K,   0% used [0x0000000722240000, 0x0000000722240000, 0x0000000726680000)
 tenured generation   total 1398144K, used 369971K [0x0000000740000000, 0x0000000795560000, 0x00000007c0000000)
   the space 1398144K,  26% used [0x0000000740000000, 0x000000075694cde8, 0x000000075694ce00, 0x0000000795560000)
 Metaspace       used 42552K, capacity 42974K, committed 43224K, reserved 1087488K
  class space    used 6034K, capacity 6142K, committed 6144K, reserved 1048576K
Event: 77.654 GC heap after
Heap after GC invocations=10 (full 2):
 def new generation   total 629248K, used 69887K [0x0000000700000000, 0x000000072aac0000, 0x0000000740000000)
  eden space 559360K,   0% used [0x0000000700000000, 0x0000000700000000, 0x0000000722240000)
  from space 69888K,  99% used [0x0000000722240000, 0x000000072667fc10, 0x0000000726680000)
  to   space 69888K,   0% used [0x0000000726680000, 0x0000000726680000, 0x000000072aac0000)
 tenured generation   total 1398144K, used 925761K [0x0000000740000000, 0x0000000795560000, 0x00000007c0000000)
   the space 1398144K,  66% used [0x0000000740000000, 0x0000000778810548, 0x0000000778810600, 0x0000000795560000)
 Metaspace       used 42552K, capacity 42974K, committed 43224K, reserved 1087488K
  class space    used 6034K, capacity 6142K, committed 6144K, reserved 1048576K
}
Event: 79.745 GC heap before
{Heap before GC invocations=10 (full 2):
 def new generation   total 629248K, used 629247K [0x0000000700000000, 0x000000072aac0000, 0x0000000740000000)
  eden space 559360K, 100% used [0x0000000700000000, 0x0000000722240000, 0x0000000722240000)
  from space 69888K,  99% used [0x0000000722240000, 0x000000072667fc10, 0x0000000726680000)
  to   space 69888K,   0% used [0x0000000726680000, 0x0000000726680000, 0x000000072aac0000)
 tenured generation   total 1398144K, used 925761K [0x0000000740000000, 0x0000000795560000, 0x00000007c0000000)
   the space 1398144K,  66% used [0x0000000740000000, 0x0000000778810548, 0x0000000778810600, 0x0000000795560000)
 Metaspace       used 42552K, capacity 42974K, committed 43224K, reserved 1087488K
  class space    used 6034K, capacity 6142K, committed 6144K, reserved 1048576K

Deoptimization events (10 events):
Event: 27.898 Thread 0x00007f6a3c074000 Uncommon trap: reason=unstable_if action=reinterpret pc=0x00007f6a5802a42c method=java.io.ObjectStreamClass$FieldReflector.setObjFieldValues(Ljava/lang/Object;[Ljava/lang/Object;)V @ 92
Event: 27.900 Thread 0x00007f6a3c074000 Uncommon trap: reason=unstable_if action=reinterpret pc=0x00007f6a5822bc50 method=java.io.ObjectInputStream.defaultReadFields(Ljava/lang/Object;Ljava/io/ObjectStreamClass;)V @ 49
Event: 27.904 Thread 0x00007f6a38f0a800 Uncommon trap: reason=predicate action=maybe_recompile pc=0x00007f6a57f692c8 method=java.util.Arrays.fill([Ljava/lang/Object;IILjava/lang/Object;)V @ 16
Event: 29.312 Thread 0x00007f6a3c074000 Uncommon trap: reason=array_check action=maybe_recompile pc=0x00007f6a583d1f30 method=java.util.Arrays.fill([Ljava/lang/Object;Ljava/lang/Object;)V @ 13
Event: 29.312 Thread 0x00007f6a3c074000 Uncommon trap: reason=array_check action=maybe_recompile pc=0x00007f6a583d1f30 method=java.util.Arrays.fill([Ljava/lang/Object;Ljava/lang/Object;)V @ 13
Event: 29.312 Thread 0x00007f6a3c074000 Uncommon trap: reason=array_check action=maybe_recompile pc=0x00007f6a583d1f30 method=java.util.Arrays.fill([Ljava/lang/Object;Ljava/lang/Object;)V @ 13
Event: 29.312 Thread 0x00007f6a3c074000 Uncommon trap: reason=array_check action=maybe_recompile pc=0x00007f6a583d1f30 method=java.util.Arrays.fill([Ljava/lang/Object;Ljava/lang/Object;)V @ 13
Event: 30.418 Thread 0x00007f6a3c048000 Uncommon trap: reason=predicate action=maybe_recompile pc=0x00007f6a580ad164 method=java.util.Arrays.fill([Ljava/lang/Object;Ljava/lang/Object;)V @ 10
Event: 55.558 Thread 0x00007f6a38f0a800 Uncommon trap: reason=array_check action=maybe_recompile pc=0x00007f6a58629b28 method=java.util.Arrays.fill([Ljava/lang/Object;IILjava/lang/Object;)V @ 20
Event: 59.814 Thread 0x00007f6a38f0a800 Uncommon trap: reason=array_check action=maybe_recompile pc=0x00007f6a58629b28 method=java.util.Arrays.fill([Ljava/lang/Object;IILjava/lang/Object;)V @ 20

Internal exceptions (10 events):
Event: 17.884 Thread 0x00007f6a3c048000 Exception <a 'java/lang/NoSuchMethodError': <clinit>> (0x000000070893cbd0) thrown at [/HUDSON3/workspace/8-2-build-linux-amd64/jdk8u144/9417/hotspot/src/share/vm/prims/jni.cpp, line 1613]
Event: 17.903 Thread 0x00007f6a3c048000 Exception <a 'java/lang/NoSuchMethodError': <clinit>> (0x00000007089c1e08) thrown at [/HUDSON3/workspace/8-2-build-linux-amd64/jdk8u144/9417/hotspot/src/share/vm/prims/jni.cpp, line 1613]
Event: 18.156 Thread 0x00007f6a68015800 Exception <a 'java/lang/NoSuchMethodError': <clinit>> (0x000000070454d8d8) thrown at [/HUDSON3/workspace/8-2-build-linux-amd64/jdk8u144/9417/hotspot/src/share/vm/prims/jni.cpp, line 1613]
Event: 18.180 Thread 0x00007f6a68015800 Exception <a 'java/lang/NoSuchMethodError': <clinit>> (0x0000000704594440) thrown at [/HUDSON3/workspace/8-2-build-linux-amd64/jdk8u144/9417/hotspot/src/share/vm/prims/jni.cpp, line 1613]
Event: 18.200 Thread 0x00007f6a68015800 Exception <a 'java/lang/NoSuchMethodError': <clinit>> (0x00000007045f6bc0) thrown at [/HUDSON3/workspace/8-2-build-linux-amd64/jdk8u144/9417/hotspot/src/share/vm/prims/jni.cpp, line 1613]
Event: 18.206 Thread 0x00007f6a68015800 Exception <a 'java/lang/NoSuchMethodError': <clinit>> (0x0000000704647158) thrown at [/HUDSON3/workspace/8-2-build-linux-amd64/jdk8u144/9417/hotspot/src/share/vm/prims/jni.cpp, line 1613]
Event: 19.350 Thread 0x00007f6a68015800 Implicit null exception at 0x00007f6a5846345b to 0x00007f6a584639f1
Event: 21.329 Thread 0x00007f6a3c048000 Exception <a 'java/lang/NoSuchMethodError': <clinit>> (0x000000070fdae9c0) thrown at [/HUDSON3/workspace/8-2-build-linux-amd64/jdk8u144/9417/hotspot/src/share/vm/prims/jni.cpp, line 1613]
Event: 21.332 Thread 0x00007f6a3c048000 Exception <a 'java/lang/NoSuchMethodError': <clinit>> (0x000000070fdbba18) thrown at [/HUDSON3/workspace/8-2-build-linux-amd64/jdk8u144/9417/hotspot/src/share/vm/prims/jni.cpp, line 1613]
Event: 27.898 Thread 0x00007f6a3c074000 Implicit null exception at 0x00007f6a5802a111 to 0x00007f6a5802a405

Events (10 events):
Event: 73.158 loading class org/json4s/JsonAST$JObject done
Event: 73.158 loading class org/apache/spark/mllib/linalg/Vector$class
Event: 73.158 loading class org/apache/spark/mllib/linalg/Vector$class done
Event: 73.346 Thread 0x00007f6a68015800 DEOPT PACKING pc=0x00007f6a5879569d sp=0x00007f6a6e3826c0
Event: 73.346 Thread 0x00007f6a68015800 DEOPT UNPACKING pc=0x00007f6a57dd6633 sp=0x00007f6a6e3824f0 mode 0
Event: 73.658 Executing VM operation: GenCollectForAllocation
Event: 73.932 Executing VM operation: GenCollectForAllocation done
Event: 75.108 Executing VM operation: GenCollectForAllocation
Event: 77.766 Executing VM operation: GenCollectForAllocation done
Event: 79.528 Executing VM operation: GenCollectForAllocation


Dynamic libraries:
00400000-00401000 r-xp 00000000 fd:00 16070                              /usr/local/java/bin/java
00600000-00601000 rw-p 00000000 fd:00 16070                              /usr/local/java/bin/java
00994000-009b5000 rw-p 00000000 00:00 0                                  [heap]
700000000-72aac0000 rw-p 00000000 00:00 0 
72aac0000-740000000 ---p 00000000 00:00 0 
740000000-79a840000 rw-p 00000000 00:00 0 
7c0000000-7c0600000 rw-p 00000000 00:00 0 
7c0600000-800000000 ---p 00000000 00:00 0 
7f6a29ffe000-7f6a2c000000 rw-p 00000000 00:00 0 
7f6a2c000000-7f6a2cb02000 rw-p 00000000 00:00 0 
7f6a2cb02000-7f6a30000000 ---p 00000000 00:00 0 
7f6a30566000-7f6a305a6000 rw-p 00000000 00:00 0 
7f6a305a6000-7f6a30769000 ---p 00000000 00:00 0 
7f6a30769000-7f6a30867000 rw-p 00000000 00:00 0 
7f6a30867000-7f6a3086a000 ---p 00000000 00:00 0 
7f6a3086a000-7f6a30968000 rw-p 00000000 00:00 0 
7f6a30968000-7f6a3096b000 ---p 00000000 00:00 0 
7f6a3096b000-7f6a30a69000 rw-p 00000000 00:00 0 
7f6a30a69000-7f6a30a6c000 ---p 00000000 00:00 0 
7f6a30a6c000-7f6a30b6a000 rw-p 00000000 00:00 0 
7f6a30b6a000-7f6a30b6d000 ---p 00000000 00:00 0 
7f6a30b6d000-7f6a30c6b000 rw-p 00000000 00:00 0 
7f6a30c6b000-7f6a30c6e000 ---p 00000000 00:00 0 
7f6a30c6e000-7f6a30d6c000 rw-p 00000000 00:00 0 
7f6a30d6c000-7f6a30d6f000 ---p 00000000 00:00 0 
7f6a30d6f000-7f6a30e6d000 rw-p 00000000 00:00 0 
7f6a30e6d000-7f6a30e70000 ---p 00000000 00:00 0 
7f6a30e70000-7f6a30f6e000 rw-p 00000000 00:00 0 
7f6a30f6e000-7f6a30f71000 ---p 00000000 00:00 0 
7f6a30f71000-7f6a3106f000 rw-p 00000000 00:00 0 
7f6a3106f000-7f6a31072000 ---p 00000000 00:00 0 
7f6a31072000-7f6a31170000 rw-p 00000000 00:00 0 
7f6a31170000-7f6a31173000 ---p 00000000 00:00 0 
7f6a31173000-7f6a31471000 rw-p 00000000 00:00 0 
7f6a31471000-7f6a31474000 ---p 00000000 00:00 0 
7f6a31474000-7f6a31772000 rw-p 00000000 00:00 0 
7f6a31772000-7f6a31775000 ---p 00000000 00:00 0 
7f6a31775000-7f6a31a73000 rw-p 00000000 00:00 0 
7f6a31a73000-7f6a31a80000 r-xp 00000000 00:28 157359                     /tmp/liblz4-java6192688179590582135.so
7f6a31a80000-7f6a31c7f000 ---p 0000d000 00:28 157359                     /tmp/liblz4-java6192688179590582135.so
7f6a31c7f000-7f6a31c80000 rw-p 0000c000 00:28 157359                     /tmp/liblz4-java6192688179590582135.so
7f6a31c80000-7f6a31e76000 rw-p 00000000 00:00 0 
7f6a31e76000-7f6a31e80000 ---p 00000000 00:00 0 
7f6a31e80000-7f6a31e8b000 r-xp 00000000 00:28 157235                     /tmp/libnetty-transport-native-epoll1441256411638231155.so (deleted)
7f6a31e8b000-7f6a3208b000 ---p 0000b000 00:28 157235                     /tmp/libnetty-transport-native-epoll1441256411638231155.so (deleted)
7f6a3208b000-7f6a3208c000 rw-p 0000b000 00:28 157235                     /tmp/libnetty-transport-native-epoll1441256411638231155.so (deleted)
7f6a320eb000-7f6a320ee000 ---p 00000000 00:00 0 
7f6a320ee000-7f6a321ec000 rw-p 00000000 00:00 0 
7f6a321ec000-7f6a321ef000 ---p 00000000 00:00 0 
7f6a321ef000-7f6a324ed000 rw-p 00000000 00:00 0 
7f6a324ed000-7f6a326ed000 rw-p 00000000 00:00 0 
7f6a326ed000-7f6a326f0000 ---p 00000000 00:00 0 
7f6a326f0000-7f6a327ee000 rw-p 00000000 00:00 0 
7f6a327ee000-7f6a327f1000 ---p 00000000 00:00 0 
7f6a327f1000-7f6a328ef000 rw-p 00000000 00:00 0 
7f6a328ef000-7f6a328f2000 ---p 00000000 00:00 0 
7f6a328f2000-7f6a32bf0000 rw-p 00000000 00:00 0 
7f6a32bf0000-7f6a32bf3000 ---p 00000000 00:00 0 
7f6a32bf3000-7f6a32cf1000 rw-p 00000000 00:00 0 
7f6a32cf1000-7f6a32cf4000 ---p 00000000 00:00 0 
7f6a32cf4000-7f6a32df2000 rw-p 00000000 00:00 0 
7f6a32df2000-7f6a32df5000 ---p 00000000 00:00 0 
7f6a32df5000-7f6a32ef3000 rw-p 00000000 00:00 0 
7f6a32ef3000-7f6a32ef6000 ---p 00000000 00:00 0 
7f6a32ef6000-7f6a32ff4000 rw-p 00000000 00:00 0 
7f6a32ff4000-7f6a32ff7000 ---p 00000000 00:00 0 
7f6a32ff7000-7f6a330f5000 rw-p 00000000 00:00 0 
7f6a330f5000-7f6a330f8000 ---p 00000000 00:00 0 
7f6a330f8000-7f6a333f6000 rw-p 00000000 00:00 0 
7f6a333f6000-7f6a333f9000 ---p 00000000 00:00 0 
7f6a333f9000-7f6a334f7000 rw-p 00000000 00:00 0 
7f6a334f7000-7f6a334fa000 ---p 00000000 00:00 0 
7f6a334fa000-7f6a335f8000 rw-p 00000000 00:00 0 
7f6a335f8000-7f6a335fb000 ---p 00000000 00:00 0 
7f6a335fb000-7f6a336f9000 rw-p 00000000 00:00 0 
7f6a336f9000-7f6a336fc000 ---p 00000000 00:00 0 
7f6a336fc000-7f6a337fa000 rw-p 00000000 00:00 0 
7f6a337fa000-7f6a337fd000 ---p 00000000 00:00 0 
7f6a337fd000-7f6a338fb000 rw-p 00000000 00:00 0 
7f6a338fb000-7f6a338fe000 ---p 00000000 00:00 0 
7f6a338fe000-7f6a339fc000 rw-p 00000000 00:00 0 
7f6a339fc000-7f6a339ff000 ---p 00000000 00:00 0 
7f6a339ff000-7f6a33afd000 rw-p 00000000 00:00 0 
7f6a33afd000-7f6a33b00000 ---p 00000000 00:00 0 
7f6a33b00000-7f6a33dfe000 rw-p 00000000 00:00 0 
7f6a33dfe000-7f6a33e01000 ---p 00000000 00:00 0 
7f6a33e01000-7f6a33eff000 rw-p 00000000 00:00 0 
7f6a33eff000-7f6a33f02000 ---p 00000000 00:00 0 
7f6a33f02000-7f6a34000000 rw-p 00000000 00:00 0 
7f6a34000000-7f6a3404f000 rw-p 00000000 00:00 0 
7f6a3404f000-7f6a38000000 ---p 00000000 00:00 0 
7f6a38000000-7f6a3998a000 rw-p 00000000 00:00 0 
7f6a3998a000-7f6a3c000000 ---p 00000000 00:00 0 
7f6a3c000000-7f6a3c075000 rw-p 00000000 00:00 0 
7f6a3c075000-7f6a40000000 ---p 00000000 00:00 0 
7f6a40047000-7f6a4004a000 ---p 00000000 00:00 0 
7f6a4004a000-7f6a40148000 rw-p 00000000 00:00 0 
7f6a40148000-7f6a4014b000 ---p 00000000 00:00 0 
7f6a4014b000-7f6a40249000 rw-p 00000000 00:00 0 
7f6a40249000-7f6a4024c000 ---p 00000000 00:00 0 
7f6a4024c000-7f6a4034a000 rw-p 00000000 00:00 0 
7f6a4034a000-7f6a4034d000 ---p 00000000 00:00 0 
7f6a4034d000-7f6a4044b000 rw-p 00000000 00:00 0 
7f6a4044b000-7f6a4044e000 ---p 00000000 00:00 0 
7f6a4044e000-7f6a4054c000 rw-p 00000000 00:00 0 
7f6a4054c000-7f6a4054f000 ---p 00000000 00:00 0 
7f6a4054f000-7f6a4064d000 rw-p 00000000 00:00 0 
7f6a4064d000-7f6a40650000 ---p 00000000 00:00 0 
7f6a40650000-7f6a4094e000 rw-p 00000000 00:00 0 
7f6a4094e000-7f6a4095f000 r-xp 00000000 fd:00 16179                      /usr/local/java/jre/lib/amd64/libnio.so
7f6a4095f000-7f6a40b5e000 ---p 00011000 fd:00 16179                      /usr/local/java/jre/lib/amd64/libnio.so
7f6a40b5e000-7f6a40b5f000 rw-p 00010000 fd:00 16179                      /usr/local/java/jre/lib/amd64/libnio.so
7f6a40b5f000-7f6a40b62000 ---p 00000000 00:00 0 
7f6a40b62000-7f6a40e60000 rw-p 00000000 00:00 0 
7f6a40e60000-7f6a40e61000 r-xp 00000000 fd:00 16213                      /usr/local/java/jre/lib/amd64/libjaas_unix.so
7f6a40e61000-7f6a41060000 ---p 00001000 fd:00 16213                      /usr/local/java/jre/lib/amd64/libjaas_unix.so
7f6a41060000-7f6a41061000 rw-p 00000000 fd:00 16213                      /usr/local/java/jre/lib/amd64/libjaas_unix.so
7f6a41061000-7f6a41261000 rw-p 00000000 00:00 0 
7f6a41261000-7f6a41461000 rw-p 00000000 00:00 0 
7f6a41461000-7f6a48000000 r--p 00000000 fd:00 924925                     /usr/lib/locale/locale-archive
7f6a48000000-7f6a4802c000 rw-p 00000000 00:00 0 
7f6a4802c000-7f6a4c000000 ---p 00000000 00:00 0 
7f6a4c000000-7f6a4c049000 rw-p 00000000 00:00 0 
7f6a4c049000-7f6a50000000 ---p 00000000 00:00 0 
7f6a50000000-7f6a50339000 rw-p 00000000 00:00 0 
7f6a50339000-7f6a54000000 ---p 00000000 00:00 0 
7f6a54006000-7f6a5400b000 r--s 0009a000 fd:00 16098                      /usr/local/java/jre/lib/jsse.jar
7f6a5400b000-7f6a5400e000 ---p 00000000 00:00 0 
7f6a5400e000-7f6a5410c000 rw-p 00000000 00:00 0 
7f6a5410c000-7f6a5410f000 ---p 00000000 00:00 0 
7f6a5410f000-7f6a54145000 rw-p 00000000 00:00 0 
7f6a54145000-7f6a5414e000 r-xp 00000000 fd:00 16190                      /usr/local/java/jre/lib/amd64/libmanagement.so
7f6a5414e000-7f6a5434d000 ---p 00009000 fd:00 16190                      /usr/local/java/jre/lib/amd64/libmanagement.so
7f6a5434d000-7f6a5434e000 rw-p 00008000 fd:00 16190                      /usr/local/java/jre/lib/amd64/libmanagement.so
7f6a5434e000-7f6a5454e000 rw-p 00000000 00:00 0 
7f6a5454e000-7f6a5454f000 ---p 00000000 00:00 0 
7f6a5454f000-7f6a5464f000 rw-p 00000000 00:00 0 
7f6a5464f000-7f6a54665000 r-xp 00000000 fd:00 16154                      /usr/local/java/jre/lib/amd64/libnet.so
7f6a54665000-7f6a54865000 ---p 00016000 fd:00 16154                      /usr/local/java/jre/lib/amd64/libnet.so
7f6a54865000-7f6a54866000 rw-p 00016000 fd:00 16154                      /usr/local/java/jre/lib/amd64/libnet.so
7f6a54866000-7f6a54869000 ---p 00000000 00:00 0 
7f6a54869000-7f6a54967000 rw-p 00000000 00:00 0 
7f6a54967000-7f6a5496a000 ---p 00000000 00:00 0 
7f6a5496a000-7f6a54a68000 rw-p 00000000 00:00 0 
7f6a54a68000-7f6a54a6b000 ---p 00000000 00:00 0 
7f6a54a6b000-7f6a54b69000 rw-p 00000000 00:00 0 
7f6a54b69000-7f6a54b6c000 ---p 00000000 00:00 0 
7f6a54b6c000-7f6a54c6a000 rw-p 00000000 00:00 0 
7f6a54c6a000-7f6a54c6c000 r--s 0001a000 fd:00 549475                     /home/hong/下载/ideaIU-2017.2.5/idea-IU-172.4343.14/lib/idea_rt.jar
7f6a54c6c000-7f6a54c6d000 r--s 00000000 fd:00 1054798                    /home/hong/.m2/repository/org/spark-project/spark/unused/1.0.0/unused-1.0.0.jar
7f6a54c6d000-7f6a54c6f000 r--s 00013000 fd:00 1056245                    /home/hong/.m2/repository/net/sf/py4j/py4j/0.9/py4j-0.9.jar
7f6a54c6f000-7f6a54c71000 r--s 00015000 fd:00 1056243                    /home/hong/.m2/repository/net/razorvine/pyrolite/4.9/pyrolite-4.9.jar
7f6a54c71000-7f6a54c72000 r--s 00001000 fd:00 1056233                    /home/hong/.m2/repository/org/tachyonproject/tachyon-underfs-local/0.8.2/tachyon-underfs-local-0.8.2.jar
7f6a54c72000-7f6a54c7b000 r--s 00073000 fd:00 1056187                    /home/hong/.m2/repository/org/tachyonproject/tachyon-underfs-s3/0.8.2/tachyon-underfs-s3-0.8.2.jar
7f6a54c7b000-7f6a54c7c000 r--s 00002000 fd:00 1056235                    /home/hong/.m2/repository/org/tachyonproject/tachyon-underfs-hdfs/0.8.2/tachyon-underfs-hdfs-0.8.2.jar
7f6a54c7c000-7f6a54ca6000 r--s 00206000 fd:00 1056231                    /home/hong/.m2/repository/org/tachyonproject/tachyon-client/0.8.2/tachyon-client-0.8.2.jar
7f6a54ca6000-7f6a54ca8000 r--s 0000e000 fd:00 19301                      /home/hong/.m2/repository/oro/oro/2.0.8/oro-2.0.8.jar
7f6a54ca8000-7f6a54cbe000 r--s 00124000 fd:00 1054777                    /home/hong/.m2/repository/org/apache/ivy/ivy/2.4.0/ivy-2.4.0.jar
7f6a54cbe000-7f6a54cc0000 r--s 00007000 fd:00 1054748                    /home/hong/.m2/repository/com/thoughtworks/paranamer/paranamer/2.6/paranamer-2.6.jar
7f6a54cc0000-7f6a54d0c000 r--s 003e5000 fd:00 1056137                    /home/hong/.m2/repository/org/scala-lang/scala-reflect/2.11.2/scala-reflect-2.11.2.jar
7f6a54d0c000-7f6a54d1c000 r--s 00074000 fd:00 1056227                    /home/hong/.m2/repository/com/fasterxml/jackson/module/jackson-module-scala_2.11/2.4.4/jackson-module-scala_2.11-2.4.4.jar
7f6a54d1c000-7f6a54d20000 r--s 00034000 fd:00 1056156                    /home/hong/.m2/repository/com/fasterxml/jackson/core/jackson-core/2.4.4/jackson-core-2.4.4.jar
7f6a54d20000-7f6a54d31000 r--s 000f6000 fd:00 1056158                    /home/hong/.m2/repository/com/fasterxml/jackson/core/jackson-databind/2.4.4/jackson-databind-2.4.4.jar
7f6a54d31000-7f6a54d33000 r--s 00004000 fd:00 1054785                    /home/hong/.m2/repository/io/dropwizard/metrics/metrics-graphite/3.1.2/metrics-graphite-3.1.2.jar
7f6a54d33000-7f6a54d34000 r--s 00003000 fd:00 1054786                    /home/hong/.m2/repository/io/dropwizard/metrics/metrics-json/3.1.2/metrics-json-3.1.2.jar
7f6a54d34000-7f6a54d36000 r--s 00008000 fd:00 1054779                    /home/hong/.m2/repository/io/dropwizard/metrics/metrics-jvm/3.1.2/metrics-jvm-3.1.2.jar
7f6a54d36000-7f6a54d3a000 r--s 00018000 fd:00 1054775                    /home/hong/.m2/repository/io/dropwizard/metrics/metrics-core/3.1.2/metrics-core-3.1.2.jar
7f6a54d3a000-7f6a54d3d000 r--s 00028000 fd:00 1054757                    /home/hong/.m2/repository/com/clearspring/analytics/stream/2.7.0/stream-2.7.0.jar
7f6a54d3d000-7f6a54d5f000 r--s 001d4000 fd:00 1056221                    /home/hong/.m2/repository/io/netty/netty-all/4.0.29.Final/netty-all-4.0.29.Final.jar
7f6a54d5f000-7f6a54d6d000 r--s 0012a000 fd:00 1056219                    /home/hong/.m2/repository/org/apache/mesos/mesos/0.21.1/mesos-0.21.1-shaded-protobuf.jar
7f6a54d6d000-7f6a54d77000 r--s 00066000 fd:00 1054927                    /home/hong/.m2/repository/com/sun/jersey/jersey-core/1.9/jersey-core-1.9.jar
7f6a54d77000-7f6a54d78000 r--s 0000a000 fd:00 1054892                    /home/hong/.m2/repository/asm/asm/3.1/asm-3.1.jar
7f6a54d78000-7f6a54d8a000 r--s 0009d000 fd:00 1054897                    /home/hong/.m2/repository/com/sun/jersey/jersey-server/1.9/jersey-server-1.9.jar
7f6a54d8a000-7f6a54d95000 r--s 0005c000 fd:00 1056217                    /home/hong/.m2/repository/org/scala-lang/modules/scala-parser-combinators_2.11/1.0.1/scala-parser-combinators_2.11-1.0.1.jar
7f6a54d95000-7f6a54da0000 r--s 00096000 fd:00 1056213                    /home/hong/.m2/repository/org/scala-lang/modules/scala-xml_2.11/1.0.1/scala-xml_2.11-1.0.1.jar
7f6a54da0000-7f6a54e90000 r--s 00c16000 fd:00 1056209                    /home/hong/.m2/repository/org/scala-lang/scala-compiler/2.11.0/scala-compiler-2.11.0.jar
7f6a54e90000-7f6a54ea2000 r--s 000ab000 fd:00 1056207                    /home/hong/.m2/repository/org/scala-lang/scalap/2.11.0/scalap-2.11.0.jar
7f6a54ea2000-7f6a54ea5000 r--s 00012000 fd:00 1056110                    /home/hong/.m2/repository/org/json4s/json4s-ast_2.11/3.2.10/json4s-ast_2.11-3.2.10.jar
7f6a54ea5000-7f6a54eaf000 r--s 00083000 fd:00 1056205                    /home/hong/.m2/repository/org/json4s/json4s-core_2.11/3.2.10/json4s-core_2.11-3.2.10.jar
7f6a54eaf000-7f6a54eb1000 r--s 00009000 fd:00 1056201                    /home/hong/.m2/repository/org/json4s/json4s-jackson_2.11/3.2.10/json4s-jackson_2.11-3.2.10.jar
7f6a54eb1000-7f6a54f09000 r--s 00523000 fd:00 1056199                    /home/hong/.m2/repository/org/scala-lang/scala-library/2.11.7/scala-library-2.11.7.jar
7f6a54f09000-7f6a54f0a000 r--s 00003000 fd:00 1056195                    /home/hong/.m2/repository/com/typesafe/akka/akka-slf4j_2.11/2.3.11/akka-slf4j_2.11-2.3.11.jar
7f6a54f0a000-7f6a54f0c000 r--s 0000a000 fd:00 1056193                    /home/hong/.m2/repository/org/uncommons/maths/uncommons-maths/1.2.2a/uncommons-maths-1.2.2a.jar
7f6a54f0c000-7f6a54f10000 r--s 00032000 fd:00 1056188                    /home/hong/.m2/repository/com/typesafe/config/1.2.1/config-1.2.1.jar
7f6a54f10000-7f6a54f37000 r--s 0025c000 fd:00 1056197                    /home/hong/.m2/repository/com/typesafe/akka/akka-actor_2.11/2.3.11/akka-actor_2.11-2.3.11.jar
7f6a54f37000-7f6a54f4c000 r--s 00132000 fd:00 1056182                    /home/hong/.m2/repository/com/typesafe/akka/akka-remote_2.11/2.3.11/akka-remote_2.11-2.3.11.jar
7f6a54f4c000-7f6a54f50000 r--s 00030000 fd:00 1054724                    /home/hong/.m2/repository/commons-net/commons-net/2.2/commons-net-2.2.jar
7f6a54f50000-7f6a54f53000 r--s 0002f000 fd:00 1054660                    /home/hong/.m2/repository/org/roaringbitmap/RoaringBitmap/0.5.11/RoaringBitmap-0.5.11.jar
7f6a54f53000-7f6a54f55000 r--s 00038000 fd:00 1054722                    /home/hong/.m2/repository/net/jpountz/lz4/lz4/1.3.0/lz4-1.3.0.jar
7f6a54f55000-7f6a54f58000 r--s 000aa000 fd:00 1056180                    /home/hong/.m2/repository/org/xerial/snappy/snappy-java/1.1.2/snappy-java-1.1.2.jar
7f6a54f58000-7f6a54f5a000 r--s 00012000 fd:00 1054715                    /home/hong/.m2/repository/com/ning/compress-lzf/1.0.3/compress-lzf-1.0.3.jar
7f6a54f5a000-7f6a54f5c000 r--s 00001000 fd:00 169156                     /home/hong/.m2/repository/org/slf4j/slf4j-log4j12/1.7.10/slf4j-log4j12-1.7.10.jar
7f6a54f5c000-7f6a54f65000 r--s 0006f000 fd:00 168561                     /home/hong/.m2/repository/log4j/log4j/1.2.17/log4j-1.2.17.jar
7f6a54f65000-7f6a54f67000 r--s 00003000 fd:00 1056178                    /home/hong/.m2/repository/org/slf4j/jcl-over-slf4j/1.7.10/jcl-over-slf4j-1.7.10.jar
7f6a54f67000-7f6a54f69000 r--s 00000000 fd:00 1056176                    /home/hong/.m2/repository/org/slf4j/jul-to-slf4j/1.7.10/jul-to-slf4j-1.7.10.jar
7f6a54f69000-7f6a54f6a000 r--s 00007000 fd:00 169154                     /home/hong/.m2/repository/org/slf4j/slf4j-api/1.7.10/slf4j-api-1.7.10.jar
7f6a54f6a000-7f6a54f6d000 r--s 00006000 fd:00 168551                     /home/hong/.m2/repository/com/google/code/findbugs/jsr305/1.3.9/jsr305-1.3.9.jar
7f6a54f6d000-7f6a54f91000 r--s 001cd000 fd:00 1054878                    /home/hong/.m2/repository/org/apache/commons/commons-math3/3.4.1/commons-math3-3.4.1.jar
7f6a54f91000-7f6a54f98000 r--s 0005e000 fd:00 1056174                    /home/hong/.m2/repository/org/apache/commons/commons-lang3/3.3.2/commons-lang3-3.3.2.jar
7f6a54f98000-7f6a54f9b000 r--s 0002e000 fd:00 1056172                    /home/hong/.m2/repository/org/eclipse/jetty/orbit/javax.servlet/3.0.0.v201112011016/javax.servlet-3.0.0.v201112011016.jar
7f6a54f9b000-7f6a54fa0000 r--s 00027000 fd:00 1056166                    /home/hong/.m2/repository/org/apache/curator/curator-framework/2.4.0/curator-framework-2.4.0.jar
7f6a54fa0000-7f6a54fa6000 r--s 00035000 fd:00 1056151                    /home/hong/.m2/repository/org/apache/curator/curator-recipes/2.4.0/curator-recipes-2.4.0.jar
7f6a54fa6000-7f6a54fac000 r--s 00057000 fd:00 1056132                    /home/hong/.m2/repository/net/java/dev/jets3t/jets3t/0.7.1/jets3t-0.7.1.jar
7f6a54fac000-7f6a54fae000 r--s 00008000 fd:00 1056160                    /home/hong/.m2/repository/org/apache/spark/spark-unsafe_2.11/1.6.0/spark-unsafe_2.11-1.6.0.jar
7f6a54fae000-7f6a54fb1000 r--s 00007000 fd:00 1056225                    /home/hong/.m2/repository/com/fasterxml/jackson/core/jackson-annotations/2.4.4/jackson-annotations-2.4.4.jar
7f6a54fb1000-7f6a54fb3000 r--s 0000c000 fd:00 1056154                    /home/hong/.m2/repository/org/apache/spark/spark-network-shuffle_2.11/1.6.0/spark-network-shuffle_2.11-1.6.0.jar
7f6a54fb3000-7f6a54fe1000 r--s 00211000 fd:00 1056152                    /home/hong/.m2/repository/org/apache/spark/spark-network-common_2.11/1.6.0/spark-network-common_2.11-1.6.0.jar
7f6a54fe1000-7f6a54fe3000 r--s 0000e000 fd:00 1056150                    /home/hong/.m2/repository/org/apache/spark/spark-launcher_2.11/1.6.0/spark-launcher_2.11-1.6.0.jar
7f6a54fe3000-7f6a54ff4000 r--s 0010a000 fd:00 1055522                    /home/hong/.m2/repository/org/apache/hadoop/hadoop-yarn-api/2.2.0/hadoop-yarn-api-2.2.0.jar
7f6a54ff4000-7f6a55039000 r--s 004bb000 fd:00 1055505                    /home/hong/.m2/repository/org/apache/hadoop/hadoop-hdfs/2.2.0/hadoop-hdfs-2.2.0.jar
7f6a55039000-7f6a5503a000 r--s 00000000 fd:00 1053201                    /home/hong/.m2/repository/org/apache/hadoop/hadoop-client/2.2.0/hadoop-client-2.2.0.jar
7f6a5503a000-7f6a5503d000 r--s 00021000 fd:00 1054848                    /home/hong/.m2/repository/org/apache/xbean/xbean-asm5-shaded/4.4/xbean-asm5-shaded-4.4.jar
7f6a5503d000-7f6a5503f000 r--s 0000a000 fd:00 1056148                    /home/hong/.m2/repository/com/twitter/chill-java/0.5.0/chill-java-0.5.0.jar
7f6a5503f000-7f6a55041000 r--s 00007000 fd:00 1056146                    /home/hong/.m2/repository/org/objenesis/objenesis/1.2/objenesis-1.2.jar
7f6a55041000-7f6a55043000 r--s 00000000 fd:00 1056144                    /home/hong/.m2/repository/com/esotericsoftware/minlog/minlog/1.2/minlog-1.2.jar
7f6a55043000-7f6a55045000 r--s 0000f000 fd:00 1056143                    /home/hong/.m2/repository/com/esotericsoftware/reflectasm/reflectasm/1.07/reflectasm-1.07-shaded.jar
7f6a55045000-7f6a5504b000 r--s 00053000 fd:00 1056101                    /home/hong/.m2/repository/com/esotericsoftware/kryo/kryo/2.21/kryo-2.21.jar
7f6a5504b000-7f6a55050000 r--s 00031000 fd:00 1056162                    /home/hong/.m2/repository/com/twitter/chill_2.11/0.5.0/chill_2.11-0.5.0.jar
7f6a55050000-7f6a55057000 r--s 0004e000 fd:00 1054614                    /home/hong/.m2/repository/org/apache/avro/avro-ipc/1.7.7/avro-ipc-1.7.7-tests.jar
7f6a55057000-7f6a5505b000 r--s 0002c000 fd:00 1054612                    /home/hong/.m2/repository/org/apache/avro/avro-ipc/1.7.7/avro-ipc-1.7.7.jar
7f6a5505b000-7f6a55060000 r--s 00028000 fd:00 1054610                    /home/hong/.m2/repository/org/apache/avro/avro-mapred/1.7.7/avro-mapred-1.7.7-hadoop2.jar
7f6a55060000-7f6a55131000 r--s 009f4000 fd:00 1056119                    /home/hong/.m2/repository/org/apache/spark/spark-core_2.11/1.6.0/spark-core_2.11-1.6.0.jar
7f6a55131000-7f6a55133000 r--s 00008000 fd:00 1056121                    /home/hong/.m2/repository/org/apache/hadoop/hadoop-mapreduce-client-jobclient/2.7.2/hadoop-mapreduce-client-jobclient-2.7.2.jar
7f6a55133000-7f6a55136000 r--s 000fd000 fd:00 168573                     /home/hong/.m2/repository/org/fusesource/leveldbjni/leveldbjni-all/1.8/leveldbjni-all-1.8.jar
7f6a55136000-7f6a55144000 r--s 0009c000 fd:00 1056128                    /home/hong/.m2/repository/org/apache/hadoop/hadoop-yarn-server-nodemanager/2.7.2/hadoop-yarn-server-nodemanager-2.7.2.jar
7f6a55144000-7f6a55145000 r--s 0000b000 fd:00 1056115                    /home/hong/.m2/repository/org/apache/hadoop/hadoop-mapreduce-client-shuffle/2.7.2/hadoop-mapreduce-client-shuffle-2.7.2.jar
7f6a55145000-7f6a5515d000 r--s 0015e000 fd:00 1056125                    /home/hong/.m2/repository/org/apache/hadoop/hadoop-mapreduce-client-core/2.7.2/hadoop-mapreduce-client-core-2.7.2.jar
7f6a5515d000-7f6a5515f000 r--s 00007000 fd:00 1056126                    /home/hong/.m2/repository/org/apache/hadoop/hadoop-yarn-server-web-proxy/2.7.2/hadoop-yarn-server-web-proxy-2.7.2.jar
7f6a5515f000-7f6a55169000 r--s 00075000 fd:00 1056124                    /home/hong/.m2/repository/org/apache/hadoop/hadoop-mapreduce-client-app/2.7.2/hadoop-mapreduce-client-app-2.7.2.jar
7f6a55169000-7f6a55180000 r--s 0010e000 fd:00 168565                     /home/hong/.m2/repository/io/netty/netty/3.6.2.Final/netty-3.6.2.Final.jar
7f6a55180000-7f6a55182000 r--s 0000e000 fd:00 1054925                    /home/hong/.m2/repository/com/google/inject/extensions/guice-servlet/3.0/guice-servlet-3.0.jar
7f6a55182000-7f6a55189000 r--s 00052000 fd:00 1056120                    /home/hong/.m2/repository/org/apache/hadoop/hadoop-yarn-server-common/2.7.2/hadoop-yarn-server-common-2.7.2.jar
7f6a55189000-7f6a5518c000 r--s 00020000 fd:00 1056116                    /home/hong/.m2/repository/org/apache/hadoop/hadoop-yarn-client/2.7.2/hadoop-yarn-client-2.7.2.jar
7f6a5518c000-7f6a5518d000 r--s 00003000 fd:00 1054900                    /home/hong/.m2/repository/com/sun/jersey/contribs/jersey-guice/1.9/jersey-guice-1.9.jar
7f6a5518d000-7f6a5518f000 r--s 00000000 fd:00 1049066                    /home/hong/.m2/repository/aopalliance/aopalliance/1.0/aopalliance-1.0.jar
7f6a5518f000-7f6a55190000 r--s 00000000 fd:00 1049069                    /home/hong/.m2/repository/javax/inject/javax.inject/1/javax.inject-1.jar
7f6a55190000-7f6a5519f000 r--s 0009f000 fd:00 1054895                    /home/hong/.m2/repository/com/google/inject/guice/3.0/guice-3.0.jar
7f6a5519f000-7f6a551a2000 r--s 0001d000 fd:00 1054920                    /home/hong/.m2/repository/com/sun/jersey/jersey-client/1.9/jersey-client-1.9.jar
7f6a551a2000-7f6a551a4000 r--s 0000e000 fd:00 169117                     /home/hong/.m2/repository/javax/activation/activation/1.1/activation-1.1.jar
7f6a551a4000-7f6a551a6000 r--s 00004000 fd:00 169115                     /home/hong/.m2/repository/javax/xml/stream/stax-api/1.0-2/stax-api-1.0-2.jar
7f6a551a6000-7f6a551a9000 r--s 00017000 fd:00 169113                     /home/hong/.m2/repository/javax/xml/bind/jaxb-api/2.2.2/jaxb-api-2.2.2.jar
7f6a551a9000-7f6a551c0000 r--s 0017d000 fd:00 1056103                    /home/hong/.m2/repository/org/apache/hadoop/hadoop-yarn-common/2.7.2/hadoop-yarn-common-2.7.2.jar
7f6a551c0000-7f6a551cd000 r--s 000ab000 fd:00 1056108                    /home/hong/.m2/repository/org/apache/hadoop/hadoop-mapreduce-client-common/2.7.2/hadoop-mapreduce-client-common-2.7.2.jar
7f6a551cd000-7f6a551d1000 r--s 00014000 fd:00 169147                     /home/hong/.m2/repository/org/tukaani/xz/1.0/xz-1.0.jar
7f6a551d1000-7f6a551d6000 r--s 00036000 fd:00 169193                     /home/hong/.m2/repository/org/apache/commons/commons-compress/1.4.1/commons-compress-1.4.1.jar
7f6a551d6000-7f6a551e2000 r--s 000b6000 fd:00 169173                     /home/hong/.m2/repository/org/apache/zookeeper/zookeeper/3.4.6/zookeeper-3.4.6.jar
7f6a551e2000-7f6a551fb000 r--s 00150000 fd:00 1049579                    /home/hong/.m2/repository/org/apache/htrace/htrace-core/3.1.0-incubating/htrace-core-3.1.0-incubating.jar
7f6a551fb000-7f6a551fd000 r--s 0000f000 fd:00 169179                     /home/hong/.m2/repository/org/apache/curator/curator-client/2.7.1/curator-client-2.7.1.jar
7f6a551fd000-7f6a55200000 r--s 0002b000 fd:00 1049547                    /home/hong/.m2/repository/com/jcraft/jsch/0.1.42/jsch-0.1.42.jar
7f6a55200000-7f6a55202000 r--s 00012000 fd:00 169172                     /home/hong/.m2/repository/org/apache/directory/api/api-util/1.0.0-M20/api-util-1.0.0-M20.jar
7f6a55202000-7f6a55204000 r--s 00003000 fd:00 169168                     /home/hong/.m2/repository/org/apache/directory/api/api-asn1-api/1.0.0-M20/api-asn1-api-1.0.0-M20.jar
7f6a55204000-7f6a55205000 r--s 0000a000 fd:00 169163                     /home/hong/.m2/repository/org/apache/directory/server/apacheds-i18n/2.0.0-M15/apacheds-i18n-2.0.0-M15.jar
7f6a55205000-7f6a55217000 r--s 00097000 fd:00 169161                     /home/hong/.m2/repository/org/apache/directory/server/apacheds-kerberos-codec/2.0.0-M15/apacheds-kerberos-codec-2.0.0-M15.jar
7f6a55217000-7f6a5521d000 r--s 00032000 fd:00 1056106                    /home/hong/.m2/repository/org/apache/httpcomponents/httpcore/4.2.4/httpcore-4.2.4.jar
7f6a5521d000-7f6a55226000 r--s 00061000 fd:00 1049577                    /home/hong/.m2/repository/org/apache/httpcomponents/httpclient/4.2.5/httpclient-4.2.5.jar
7f6a55226000-7f6a55229000 r--s 0000f000 fd:00 1056102                    /home/hong/.m2/repository/org/apache/hadoop/hadoop-auth/2.7.2/hadoop-auth-2.7.2.jar
7f6a55229000-7f6a5522e000 r--s 0002a000 fd:00 21941                      /home/hong/.m2/repository/com/google/code/gson/gson/2.2.4/gson-2.2.4.jar
7f6a5522e000-7f6a55236000 r--s 0007b000 fd:00 168563                     /home/hong/.m2/repository/com/google/protobuf/protobuf-java/2.5.0/protobuf-java-2.5.0.jar
7f6a55236000-7f6a5523d000 r--s 00044000 fd:00 169140                     /home/hong/.m2/repository/org/apache/avro/avro/1.7.4/avro-1.7.4.jar
7f6a5523d000-7f6a5524b000 r--s 000b1000 fd:00 168567                     /home/hong/.m2/repository/org/codehaus/jackson/jackson-mapper-asl/1.9.13/jackson-mapper-asl-1.9.13.jar
7f6a5524b000-7f6a5524f000 r--s 00035000 fd:00 168569                     /home/hong/.m2/repository/org/codehaus/jackson/jackson-core-asl/1.9.13/jackson-core-asl-1.9.13.jar
7f6a5524f000-7f6a55253000 r--s 0002f000 fd:00 169133                     /home/hong/.m2/repository/commons-beanutils/commons-beanutils-core/1.8.0/commons-beanutils-core-1.8.0.jar
7f6a55253000-7f6a55258000 r--s 0002a000 fd:00 20360                      /home/hong/.m2/repository/commons-beanutils/commons-beanutils/1.7.0/commons-beanutils-1.7.0.jar
7f6a55258000-7f6a5525c000 r--s 00020000 fd:00 21450                      /home/hong/.m2/repository/commons-digester/commons-digester/1.8/commons-digester-1.8.jar
7f6a5525c000-7f6a55262000 r--s 00043000 fd:00 169132                     /home/hong/.m2/repository/commons-configuration/commons-configuration/1.6/commons-configuration-1.6.jar
7f6a55262000-7f6a55267000 r--s 00041000 fd:00 168555                     /home/hong/.m2/repository/commons-lang/commons-lang/2.6/commons-lang-2.6.jar
7f6a55267000-7f6a55269000 r--s 0000e000 fd:00 168557                     /home/hong/.m2/repository/commons-logging/commons-logging/1.1.3/commons-logging-1.1.3.jar
7f6a55269000-7f6a5526a000 r--s 00007000 fd:00 21933                      /home/hong/.m2/repository/org/codehaus/jackson/jackson-xc/1.8.3/jackson-xc-1.8.3.jar
7f6a5526a000-7f6a5526b000 r--s 00004000 fd:00 21931                      /home/hong/.m2/repository/org/codehaus/jackson/jackson-jaxrs/1.8.3/jackson-jaxrs-1.8.3.jar
7f6a5526b000-7f6a5527e000 r--s 000c7000 fd:00 169111                     /home/hong/.m2/repository/com/sun/xml/bind/jaxb-impl/2.2.3-1/jaxb-impl-2.2.3-1.jar
7f6a5527e000-7f6a55280000 r--s 0000f000 fd:00 169109                     /home/hong/.m2/repository/org/codehaus/jettison/jettison/1.1/jettison-1.1.jar
7f6a55280000-7f6a55284000 r--s 00021000 fd:00 169107                     /home/hong/.m2/repository/com/sun/jersey/jersey-json/1.9/jersey-json-1.9.jar
7f6a55284000-7f6a55287000 r--s 00016000 fd:00 19336                      /home/hong/.m2/repository/javax/servlet/jsp/jsp-api/2.1/jsp-api-2.1.jar
7f6a55287000-7f6a5528b000 r--s 00028000 fd:00 19316                      /home/hong/.m2/repository/org/mortbay/jetty/jetty-util/6.1.26/jetty-util-6.1.26.jar
7f6a5528b000-7f6a55292000 r--s 0007d000 fd:00 19315                      /home/hong/.m2/repository/org/mortbay/jetty/jetty/6.1.26/jetty-6.1.26.jar
7f6a55292000-7f6a55294000 r--s 00018000 fd:00 19349                      /home/hong/.m2/repository/javax/servlet/servlet-api/2.5/servlet-api-2.5.jar
7f6a55294000-7f6a552a1000 r--s 00083000 fd:00 21929                      /home/hong/.m2/repository/commons-collections/commons-collections/3.2.2/commons-collections-3.2.2.jar
7f6a552a1000-7f6a552a5000 r--s 0002a000 fd:00 168553                     /home/hong/.m2/repository/commons-io/commons-io/2.4/commons-io-2.4.jar
7f6a552a5000-7f6a552a7000 r--s 0000d000 fd:00 19308                      /home/hong/.m2/repository/commons-codec/commons-codec/1.4/commons-codec-1.4.jar
7f6a552a7000-7f6a552ad000 r--s 00045000 fd:00 19346                      /home/hong/.m2/repository/commons-httpclient/commons-httpclient/3.1/commons-httpclient-3.1.jar
7f6a552ad000-7f6a552ae000 r--s 00003000 fd:00 19298                      /home/hong/.m2/repository/xmlenc/xmlenc/0.52/xmlenc-0.52.jar
7f6a552ae000-7f6a552b0000 r--s 00009000 fd:00 19296                      /home/hong/.m2/repository/commons-cli/commons-cli/1.2/commons-cli-1.2.jar
7f6a552b0000-7f6a552d1000 r--s 00172000 fd:00 168549                     /home/hong/.m2/repository/com/google/guava/guava/11.0.2/guava-11.0.2.jar
7f6a552d1000-7f6a5534b000 r--s 010f7000 fd:00 15292                      /usr/local/java/lib/tools.jar
7f6a5534b000-7f6a5534d000 r--s 00003000 fd:00 1056138                    /home/hong/.m2/repository/org/apache/hadoop/hadoop-annotations/2.7.2/hadoop-annotations-2.7.2.jar
7f6a5534d000-7f6a55383000 r--s 00313000 fd:00 1056098                    /home/hong/.m2/repository/org/apache/hadoop/hadoop-common/2.7.2/hadoop-common-2.7.2.jar
7f6a55383000-7f6a55386000 r--s 00020000 fd:00 1056104                    /home/hong/.m2/repository/org/mongodb/mongo-hadoop/mongo-hadoop-core/2.0.2/mongo-hadoop-core-2.0.2.jar
7f6a55386000-7f6a553a4000 r--s 00176000 fd:00 1056096                    /home/hong/.m2/repository/org/mongodb/mongo-hadoop/mongo-hadoop-spark/2.0.2/mongo-hadoop-spark-2.0.2.jar
7f6a553a4000-7f6a553bf000 r--s 00150000 fd:00 1056241                    /home/hong/.m2/repository/org/mongodb/mongo-java-driver/3.2.1/mongo-java-driver-3.2.1.jar
7f6a553bf000-7f6a553c1000 r--s 0000e000 fd:00 14594                      /usr/local/spark/jars/hadoop-mapreduce-client-jobclient-2.7.3.jar
7f6a553c1000-7f6a553c3000 r--s 00010000 fd:00 14525                      /usr/local/spark/jars/hadoop-mapreduce-client-shuffle-2.7.3.jar
7f6a553c3000-7f6a553c6000 r--s 0000e000 fd:00 14484                      /usr/local/spark/jars/jersey-container-servlet-core-2.22.2.jar
7f6a553c6000-7f6a553d3000 r--s 000b1000 fd:00 14472                      /usr/local/spark/jars/hadoop-mapreduce-client-common-2.7.3.jar
7f6a553d3000-7f6a553de000 r--s 0005d000 fd:00 14649                      /usr/local/spark/jars/scala-parser-combinators_2.11-1.0.4.jar
7f6a553de000-7f6a55400000 r--s 00197000 fd:00 14527                      /usr/local/spark/jars/spark-hive-thriftserver_2.11-2.2.0.jar
7f6a55400000-7f6a55402000 r--s 0000d000 fd:00 14552                      /usr/local/spark/jars/hadoop-yarn-server-web-proxy-2.7.3.jar
7f6a55402000-7f6a5541b000 r--s 00164000 fd:00 14565                      /usr/local/spark/jars/hadoop-mapreduce-client-core-2.7.3.jar
7f6a5541b000-7f6a55425000 r--s 0007b000 fd:00 14643                      /usr/local/spark/jars/hadoop-mapreduce-client-app-2.7.3.jar
7f6a55425000-7f6a55437000 r--s 00097000 fd:00 14613                      /usr/local/spark/jars/apacheds-kerberos-codec-2.0.0-M15.jar
7f6a55437000-7f6a5543a000 r--s 0000d000 fd:00 14555                      /usr/local/spark/jars/spark-network-shuffle_2.11-2.2.0.jar
7f6a5543a000-7f6a55441000 r--s 00039000 fd:00 14553                      /usr/local/spark/jars/calcite-avatica-1.2.0-incubating.jar
7f6a55441000-7f6a55443000 r--s 00002000 fd:00 14509                      /usr/local/spark/jars/aopalliance-repackaged-2.4.0-b34.jar
7f6a55443000-7f6a55471000 r--s 00216000 fd:00 14523                      /usr/local/spark/jars/spark-network-common_2.11-2.2.0.jar
7f6a55471000-7f6a55473000 r--s 00003000 fd:00 14479                      /usr/local/spark/jars/jersey-container-servlet-2.22.2.jar
7f6a55473000-7f6a55480000 r--s 00071000 fd:00 14624                      /usr/local/spark/jars/jackson-module-scala_2.11-2.6.5.jar
7f6a55480000-7f6a55487000 r--s 00058000 fd:00 14511                      /usr/local/spark/jars/hadoop-yarn-server-common-2.7.3.jar
7f6a55487000-7f6a55492000 r--s 00062000 fd:00 14556                      /usr/local/spark/jars/calcite-linq4j-1.2.0-incubating.jar
7f6a55492000-7f6a55494000 r--s 00009000 fd:00 14583                      /usr/local/spark/jars/jackson-module-paranamer-2.6.5.jar
7f6a55494000-7f6a554cb000 r--s 00325000 fd:00 14609                      /usr/local/spark/jars/calcite-core-1.2.0-incubating.jar
7f6a554cb000-7f6a554cf000 r--s 00029000 fd:00 14533                      /usr/local/spark/jars/spark-mllib-local_2.11-2.2.0.jar
7f6a554cf000-7f6a554e8000 r--s 00150000 fd:00 14531                      /usr/local/spark/jars/htrace-core-3.1.0-incubating.jar
7f6a554e8000-7f6a554ec000 r--s 0002f000 fd:00 14604                      /usr/local/spark/jars/commons-beanutils-core-1.8.0.jar
7f6a554ec000-7f6a55520000 r--s 00277000 fd:00 14495                      /usr/local/spark/jars/parquet-hadoop-bundle-1.6.0.jar
7f6a55520000-7f6a55521000 r--s 00004000 fd:00 14664                      /usr/local/spark/jars/osgi-resource-locator-1.0.1.jar
7f6a55521000-7f6a55543000 r--s 00335000 fd:00 14576                      /usr/local/spark/jars/mesos-1.0.0-shaded-protobuf.jar
7f6a55543000-7f6a555a6000 r--s 004de000 fd:00 14545                      /usr/local/spark/jars/hive-metastore-1.2.1.spark2.jar
7f6a555a6000-7f6a555aa000 r--s 0000c000 fd:00 14519                      /usr/local/spark/jars/validation-api-1.1.0.Final.jar
7f6a555aa000-7f6a555da000 r--s 001e5000 fd:00 14661                      /usr/local/spark/jars/spark-streaming_2.11-2.2.0.jar
7f6a555da000-7f6a555db000 r--s 00009000 fd:00 14504                      /usr/local/spark/jars/json4s-jackson_2.11-3.2.11.jar
7f6a555db000-7f6a555dc000 r--s 00004000 fd:00 14537                      /usr/local/spark/jars/eigenbase-properties-1.1.5.jar
7f6a555dc000-7f6a555e4000 r--s 00066000 fd:00 14559                      /usr/local/spark/jars/apache-log4j-extras-1.2.17.jar
7f6a555e4000-7f6a555e6000 r--s 0000f000 fd:00 14592                      /usr/local/spark/jars/spark-launcher_2.11-2.2.0.jar
7f6a555e6000-7f6a5567f000 r--s 0074b000 fd:00 14541                      /usr/local/spark/jars/spark-catalyst_2.11-2.2.0.jar
7f6a5567f000-7f6a5568d000 r--s 000b1000 fd:00 14580                      /usr/local/spark/jars/jackson-mapper-asl-1.9.13.jar
7f6a5568d000-7f6a55690000 r--s 00009000 fd:00 14577                      /usr/local/spark/jars/jackson-annotations-2.6.5.jar
7f6a55690000-7f6a55692000 r--s 00020000 fd:00 14575                      /usr/local/spark/jars/hive-beeline-1.2.1.spark2.jar
7f6a55692000-7f6a55697000 r--s 0004e000 fd:00 14489                      /usr/local/spark/jars/datanucleus-api-jdo-3.2.6.jar
7f6a55697000-7f6a5569d000 r--s 00043000 fd:00 14654                      /usr/local/spark/jars/commons-configuration-1.6.jar
7f6a5569d000-7f6a556aa000 r--s 00083000 fd:00 14501                      /usr/local/spark/jars/commons-collections-3.2.2.jar
7f6a556aa000-7f6a556ae000 r--s 0002a000 fd:00 14535                      /usr/local/spark/jars/breeze-macros_2.11-0.13.1.jar
7f6a556ae000-7f6a556b3000 r--s 00028000 fd:00 14637                      /usr/local/spark/jars/avro-mapred-1.7.7-hadoop2.jar
7f6a556b3000-7f6a556b5000 r--s 00014000 fd:00 14528                      /usr/local/spark/jars/spire-macros_2.11-0.13.0.jar
7f6a556b5000-7f6a556b7000 r--s 00010000 fd:00 14578                      /usr/local/spark/jars/jersey-media-jaxb-2.22.2.jar
7f6a556b7000-7f6a556b9000 r--s 00005000 fd:00 14570                      /usr/local/spark/jars/javax.annotation-api-1.2.jar
7f6a556b9000-7f6a556d0000 r--s 00183000 fd:00 14579                      /usr/local/spark/jars/hadoop-yarn-common-2.7.3.jar
7f6a556d0000-7f6a556d3000 r--s 00026000 fd:00 14601                      /usr/local/spark/jars/hadoop-yarn-client-2.7.3.jar
7f6a556d3000-7f6a556d4000 r--s 00009000 fd:00 14460                      /usr/local/spark/jars/hadoop-annotations-2.7.3.jar
7f6a556d4000-7f6a556db000 r--s 00049000 fd:00 14648                      /usr/local/spark/jars/univocity-parsers-2.2.1.jar
7f6a556db000-7f6a556dd000 r--s 0000a000 fd:00 14628                      /usr/local/spark/jars/spark-unsafe_2.11-2.2.0.jar
7f6a556dd000-7f6a556df000 r--s 00006000 fd:00 14468                      /usr/local/spark/jars/spark-sketch_2.11-2.2.0.jar
7f6a556df000-7f6a556ec000 r--s 000a0000 fd:00 14516                      /usr/local/spark/jars/spark-graphx_2.11-2.2.0.jar
7f6a556ec000-7f6a556ed000 r--s 00000000 fd:00 14629                      /usr/local/spark/jars/macro-compat_2.11-1.1.1.jar
7f6a556ed000-7f6a556f7000 r--s 00086000 fd:00 14544                      /usr/local/spark/jars/json4s-core_2.11-3.2.11.jar
7f6a556f7000-7f6a556fa000 r--s 00015000 fd:00 14459                      /usr/local/spark/jars/javax.servlet-api-3.1.0.jar
7f6a556fa000-7f6a556fe000 r--s 00035000 fd:00 14499                      /usr/local/spark/jars/jackson-core-asl-1.9.13.jar
7f6a556fe000-7f6a55714000 r--s 001a4000 fd:00 14514                      /usr/local/spark/jars/datanucleus-rdbms-3.2.9.jar
7f6a55714000-7f6a5572c000 r--s 001b6000 fd:00 14478                      /usr/local/spark/jars/datanucleus-core-3.2.10.jar
7f6a5572c000-7f6a55732000 r--s 00028000 fd:00 14572                      /usr/local/spark/jars/curator-framework-2.6.0.jar
7f6a55732000-7f6a55737000 r--s 0002a000 fd:00 14485                      /usr/local/spark/jars/commons-beanutils-1.7.0.jar
7f6a55737000-7f6a55749000 r--s 00112000 fd:00 14627                      /usr/local/spark/jars/arpack_combined_all-0.1.jar
7f6a55749000-7f6a5574a000 r--s 0000a000 fd:00 14518                      /usr/local/spark/jars/apacheds-i18n-2.0.0-M15.jar
7f6a5574a000-7f6a557c3000 r--s 005bb000 fd:00 14611                      /usr/local/spark/jars/spark-mllib_2.11-2.2.0.jar
7f6a557c3000-7f6a557d1000 r--s 0007c000 fd:00 14599                      /usr/local/spark/jars/spark-mesos_2.11-2.2.0.jar
7f6a557d1000-7f6a557d7000 r--s 00040000 fd:00 14610                      /usr/local/spark/jars/parquet-encoding-1.8.2.jar
7f6a557d7000-7f6a557fd000 r--s 00212000 fd:00 14571                      /usr/local/spark/jars/netty-all-4.0.43.Final.jar
7f6a557fd000-7f6a557ff000 r--s 00004000 fd:00 14595                      /usr/local/spark/jars/metrics-graphite-3.1.2.jar
7f6a557ff000-7f6a55802000 r--s 00012000 fd:00 14505                      /usr/local/spark/jars/json4s-ast_2.11-3.2.11.jar
7f6a55802000-7f6a55803000 r--s 00001000 fd:00 14633                      /usr/local/spark/jars/javax.inject-2.4.0-b34.jar
7f6a55803000-7f6a55814000 r--s 0010d000 fd:00 14539                      /usr/local/spark/jars/jackson-databind-2.6.5.jar
7f6a55814000-7f6a55816000 r--s 00017000 fd:00 14510                      /usr/local/spark/jars/hive-jdbc-1.2.1.spark2.jar
7f6a55816000-7f6a558bf000 r--s 00a4f000 fd:00 14608                      /usr/local/spark/jars/hive-exec-1.2.1.spark2.jar
7f6a558bf000-7f6a558c5000 r--s 00045000 fd:00 14508                      /usr/local/spark/jars/commons-httpclient-3.1.jar
7f6a558c5000-7f6a558ca000 r--s 00036000 fd:00 14483                      /usr/local/spark/jars/commons-compress-1.4.1.jar
7f6a558ca000-7f6a558cb000 r--s 00008000 fd:00 14640                      /usr/local/spark/jars/commons-compiler-3.0.0.jar
7f6a558cb000-7f6a558cd000 r--s 00003000 fd:00 14517                      /usr/local/spark/jars/api-asn1-api-1.0.0-M20.jar
7f6a558cd000-7f6a558d0000 r--s 00021000 fd:00 14498                      /usr/local/spark/jars/xbean-asm5-shaded-4.4.jar
7f6a558d0000-7f6a558e0000 r--s 0009a000 fd:00 14566                      /usr/local/spark/jars/spark-yarn_2.11-2.2.0.jar
7f6a558e0000-7f6a558e1000 r--s 00003000 fd:00 14538                      /usr/local/spark/jars/spark-tags_2.11-2.2.0.jar
7f6a558e1000-7f6a558e3000 r--s 0000e000 fd:00 14548                      /usr/local/spark/jars/spark-repl_2.11-2.2.0.jar
7f6a558e3000-7f6a558fc000 r--s 00113000 fd:00 14567                      /usr/local/spark/jars/spark-hive_2.11-2.2.0.jar
7f6a558fc000-7f6a559dd000 r--s 00b03000 fd:00 14658                      /usr/local/spark/jars/spark-core_2.11-2.2.0.jar
7f6a559dd000-7f6a55ae9000 r--s 00dba000 fd:00 14655                      /usr/local/spark/jars/scala-compiler-2.11.8.jar
7f6a55ae9000-7f6a55afd000 r--s 000ec000 fd:00 14581                      /usr/local/spark/jars/parquet-jackson-1.8.2.jar
7f6a55afd000-7f6a55aff000 r--s 00003000 fd:00 14560                      /usr/local/spark/jars/jcl-over-slf4j-1.7.16.jar
7f6a55aff000-7f6a55b03000 r--s 00019000 fd:00 14593                      /usr/local/spark/jars/javax.ws.rs-api-2.0.1.jar
7f6a55b03000-7f6a55b07000 r--s 00029000 fd:00 14494                      /usr/local/spark/jars/hk2-locator-2.4.0-b34.jar
7f6a55b07000-7f6a55b08000 r--s 00009000 fd:00 14622                      /usr/local/spark/jars/hive-cli-1.2.1.spark2.jar
7f6a55b08000-7f6a55b25000 r--s 001d5000 fd:00 14656                      /usr/local/spark/jars/hadoop-yarn-api-2.7.3.jar
7f6a55b25000-7f6a55b2c000 r--s 00036000 fd:00 14529                      /usr/local/spark/jars/curator-recipes-2.6.0.jar
7f6a55b2c000-7f6a55b2e000 r--s 0000e000 fd:00 14603                      /usr/local/spark/jars/commons-logging-1.1.3.jar
7f6a55b2e000-7f6a55b31000 r--s 00022000 fd:00 14615                      /usr/local/spark/jars/stringtemplate-3.2.1.jar
7f6a55b31000-7f6a55bbb000 r--s 00641000 fd:00 14503                      /usr/local/spark/jars/spark-sql_2.11-2.2.0.jar
7f6a55bbb000-7f6a55bbc000 r--s 00002000 fd:00 14521                      /usr/local/spark/jars/slf4j-log4j12-1.7.16.jar
7f6a55bbc000-7f6a55c02000 r--s 00317000 fd:00 14500                      /usr/local/spark/jars/shapeless_2.11-2.3.2.jar
7f6a55c02000-7f6a55c0c000 r--s 00095000 fd:00 14554                      /usr/local/spark/jars/scala-xml_2.11-1.0.2.jar
7f6a55c0c000-7f6a55c58000 r--s 00411000 fd:00 14653                      /usr/local/spark/jars/scala-reflect-2.11.8.jar
7f6a55c58000-7f6a55cb1000 r--s 00522000 fd:00 14663                      /usr/local/spark/jars/scala-library-2.11.8.jar
7f6a55cb1000-7f6a55cb7000 r--s 00038000 fd:00 14467                      /usr/local/spark/jars/parquet-hadoop-1.8.2.jar
7f6a55cb7000-7f6a55cbf000 r--s 00058000 fd:00 14487                      /usr/local/spark/jars/parquet-format-2.3.1.jar
7f6a55cbf000-7f6a55cc1000 r--s 00009000 fd:00 14456                      /usr/local/spark/jars/parquet-common-1.8.2.jar
7f6a55cc1000-7f6a55cd8000 r--s 000d3000 fd:00 14632                      /usr/local/spark/jars/parquet-column-1.8.2.jar
7f6a55cd8000-7f6a55cd9000 r--s 00008000 fd:00 14465                      /usr/local/spark/jars/machinist_2.11-0.6.1.jar
7f6a55cd9000-7f6a55cef000 r--s 000d3000 fd:00 14530                      /usr/local/spark/jars/jersey-server-2.22.2.jar
7f6a55cef000-7f6a55cfd000 r--s 0009d000 fd:00 14515                      /usr/local/spark/jars/jersey-common-2.22.2.jar
7f6a55cfd000-7f6a55d01000 r--s 00025000 fd:00 14646                      /usr/local/spark/jars/jersey-client-2.22.2.jar
7f6a55d01000-7f6a55d02000 r--s 00004000 fd:00 14536                      /usr/local/spark/jars/jackson-jaxrs-1.9.13.jar
7f6a55d02000-7f6a55d04000 r--s 0000f000 fd:00 14540                      /usr/local/spark/jars/curator-client-2.6.0.jar
7f6a55d04000-7f6a55d08000 r--s 00020000 fd:00 14546                      /usr/local/spark/jars/commons-digester-1.8.jar
7f6a55d08000-7f6a55d0a000 r--s 0001f000 fd:00 14617                      /usr/local/spark/jars/commons-crypto-1.0.0.jar
7f6a55d0a000-7f6a55d0d000 r--s 00019000 fd:00 14457                      /usr/local/spark/jars/bonecp-0.8.0.RELEASE.jar
7f6a55d0d000-7f6a55d13000 r--s 00044000 fd:00 14587                      /usr/local/spark/jars/antlr4-runtime-4.5.3.jar
7f6a55d13000-7f6a55d16000 r--s 0002f000 fd:00 14473                      /usr/local/spark/jars/RoaringBitmap-0.5.11.jar
7f6a55d16000-7f6a55d18000 r--s 00100000 fd:00 14638                      /usr/local/spark/jars/snappy-java-1.1.2.6.jar
7f6a55d18000-7f6a55d20000 r--s 0007b000 fd:00 14564                      /usr/local/spark/jars/protobuf-java-2.5.0.jar
7f6a55d20000-7f6a55d22000 r--s 00000000 fd:00 14630                      /usr/local/spark/jars/jul-to-slf4j-1.7.16.jar
7f6a55d22000-7f6a55d3a000 r--s 000d6000 fd:00 14480                      /usr/local/spark/jars/jersey-guava-2.22.2.jar
7f6a55d3a000-7f6a55d44000 r--s 000a5000 fd:00 14590                      /usr/local/spark/jars/javassist-3.18.1-GA.jar
7f6a55d44000-7f6a55d45000 r--s 00002000 fd:00 14492                      /usr/local/spark/jars/java-xmlbuilder-1.0.jar
7f6a55d45000-7f6a55d49000 r--s 0001a000 fd:00 14486                      /usr/local/spark/jars/hk2-utils-2.4.0-b34.jar
7f6a55d49000-7f6a55d7f000 r--s 0031c000 fd:00 14475                      /usr/local/spark/jars/hadoop-common-2.7.3.jar
7f6a55d7f000-7f6a55d80000 r--s 00006000 fd:00 14582                      /usr/local/spark/jars/hadoop-client-2.7.3.jar
7f6a55d80000-7f6a55da4000 r--s 001cd000 fd:00 14651                      /usr/local/spark/jars/commons-math3-3.4.1.jar
7f6a55da4000-7f6a55de4000 r--s 00277000 fd:00 14591                      /usr/local/spark/jars/bcprov-jdk15on-1.51.jar
7f6a55de4000-7f6a55de5000 r--s 00001000 fd:00 14524                      /usr/local/spark/jars/pmml-schema-1.2.15.jar
7f6a55de5000-7f6a55de6000 r--s 00003000 fd:00 14619                      /usr/local/spark/jars/metrics-json-3.1.2.jar
7f6a55de6000-7f6a55dea000 r--s 00018000 fd:00 14491                      /usr/local/spark/jars/metrics-core-3.1.2.jar
7f6a55dea000-7f6a55ded000 r--s 000fd000 fd:00 14507                      /usr/local/spark/jars/leveldbjni-all-1.8.jar
7f6a55ded000-7f6a55df1000 r--s 0003c000 fd:00 14650                      /usr/local/spark/jars/jackson-core-2.6.5.jar
7f6a55df1000-7f6a55df3000 r--s 00012000 fd:00 14557                      /usr/local/spark/jars/compress-lzf-1.0.3.jar
7f6a55df3000-7f6a55df6000 r--s 00015000 fd:00 14522                      /usr/local/spark/jars/commons-pool-1.5.4.jar
7f6a55df6000-7f6a55dfd000 r--s 0003f000 fd:00 14506                      /usr/local/spark/jars/commons-codec-1.10.jar
7f6a55dfd000-7f6a55ed5000 r--s 00d92000 fd:00 14634                      /usr/local/spark/jars/breeze_2.11-0.13.1.jar
7f6a55ed5000-7f6a55ed7000 r--s 00012000 fd:00 14612                      /usr/local/spark/jars/api-util-1.0.0-M20.jar
7f6a55ed7000-7f6a55f42000 r--s 0093d000 fd:00 14466                      /usr/local/spark/jars/spire_2.11-0.13.0.jar
7f6a55f42000-7f6a55f4b000 r--s 00097000 fd:00 14631                      /usr/local/spark/jars/pmml-model-1.2.15.jar
7f6a55f4b000-7f6a55f64000 r--s 0012c000 fd:00 14660                      /usr/local/spark/jars/netty-3.9.9.Final.jar
7f6a55f64000-7f6a55f66000 r--s 00008000 fd:00 14471                      /usr/local/spark/jars/metrics-jvm-3.1.2.jar
7f6a55f66000-7f6a55f6d000 r--s 00051000 fd:00 14470                      /usr/local/spark/jars/kryo-shaded-3.0.3.jar
7f6a55f6d000-7f6a55f78000 r--s 000b0000 fd:00 14558                      /usr/local/spark/jars/jtransforms-2.4.0.jar
7f6a55f78000-7f6a55f7c000 r--s 00028000 fd:00 14482                      /usr/local/spark/jars/jetty-util-6.1.26.jar
7f6a55f7c000-7f6a55f7d000 r--s 00006000 fd:00 14596                      /usr/local/spark/jars/jackson-xc-1.9.13.jar
7f6a55f7d000-7f6a55f82000 r--s 00027000 fd:00 14657                      /usr/local/spark/jars/hk2-api-2.4.0-b34.jar
7f6a55f82000-7f6a55fed000 r--s 00784000 fd:00 14461                      /usr/local/spark/jars/hadoop-hdfs-2.7.3.jar
7f6a55fed000-7f6a55fef000 r--s 00015000 fd:00 14474                      /usr/local/spark/jars/hadoop-auth-2.7.3.jar
7f6a55fef000-7f6a55ff1000 r--s 0000e000 fd:00 14616                      /usr/local/spark/jars/guice-servlet-3.0.jar
7f6a55ff1000-7f6a55ff9000 r--s 0006e000 fd:00 14589                      /usr/local/spark/jars/commons-lang3-3.5.jar
7f6a55ff9000-7f6a55ffd000 r--s 00025000 fd:00 14464                      /usr/local/spark/jars/antlr-runtime-3.4.jar
7f6a55ffd000-7f6a56015000 r--s 00115000 fd:00 14463                      /usr/local/spark/jars/xercesImpl-2.9.1.jar
7f6a56015000-7f6a56016000 r--s 00009000 fd:00 14641                      /usr/local/spark/jars/slf4j-api-1.7.16.jar
7f6a56016000-7f6a5601e000 r--s 00059000 fd:00 14513                      /usr/local/spark/jars/javolution-5.5.1.jar
7f6a5601e000-7f6a5602b000 r--s 000a7000 fd:00 14532                      /usr/local/spark/jars/httpclient-4.5.2.jar
7f6a5602b000-7f6a56030000 r--s 00041000 fd:00 14568                      /usr/local/spark/jars/commons-lang-2.6.jar
7f6a56030000-7f6a56033000 r--s 00025000 fd:00 14520                      /usr/local/spark/jars/commons-dbcp-1.4.jar
7f6a56033000-7f6a56038000 r--s 00032000 fd:00 14662                      /usr/local/spark/jars/chill_2.11-0.8.0.jar
7f6a56038000-7f6a5603a000 r--s 0000b000 fd:00 14636                      /usr/local/spark/jars/chill-java-0.8.0.jar
7f6a5603a000-7f6a5603c000 r--s 0000f000 fd:00 14476                      /usr/local/spark/jars/activation-1.1.1.jar
7f6a5603c000-7f6a56048000 r--s 000b6000 fd:00 14623                      /usr/local/spark/jars/zookeeper-3.4.6.jar
7f6a56048000-7f6a5604b000 r--s 00014000 fd:00 14585                      /usr/local/spark/jars/super-csv-2.2.0.jar
7f6a5604b000-7f6a56051000 r--s 00034000 fd:00 14606                      /usr/local/spark/jars/libthrift-0.9.3.jar
7f6a56051000-7f6a56057000 r--s 00063000 fd:00 14645                      /usr/local/spark/jars/jodd-core-3.5.2.jar
7f6a56057000-7f6a56068000 r--s 00089000 fd:00 14526                      /usr/local/spark/jars/joda-time-2.9.3.jar
7f6a56068000-7f6a56097000 r--s 002e5000 fd:00 14642                      /usr/local/spark/jars/derby-10.12.1.1.jar
7f6a56097000-7f6a5609b000 r--s 00030000 fd:00 14458                      /usr/local/spark/jars/commons-net-2.2.jar
7f6a5609b000-7f6a5609d000 r--s 00009000 fd:00 14635                      /usr/local/spark/jars/commons-cli-1.2.jar
7f6a5609d000-7f6a5609f000 r--s 00000000 fd:00 14584                      /usr/local/spark/jars/aopalliance-1.0.jar
7f6a5609f000-7f6a560a1000 r--s 00005000 fd:00 14569                      /usr/local/spark/jars/stax-api-1.0.1.jar
7f6a560a1000-7f6a560a3000 r--s 00004000 fd:00 14493                      /usr/local/spark/jars/stax-api-1.0-2.jar
7f6a560a3000-7f6a560aa000 r--s 00046000 fd:00 14605                      /usr/local/spark/jars/libfb303-0.9.3.jar
7f6a560aa000-7f6a560ad000 r--s 00017000 fd:00 14607                      /usr/local/spark/jars/jaxb-api-2.2.2.jar
7f6a560ad000-7f6a560ae000 r--s 00000000 fd:00 14502                      /usr/local/spark/jars/javax.inject-1.jar
7f6a560ae000-7f6a560b5000 r--s 00049000 fd:00 14563                      /usr/local/spark/jars/httpcore-4.4.4.jar
7f6a560b5000-7f6a560b9000 r--s 0002a000 fd:00 14573                      /usr/local/spark/jars/commons-io-2.4.jar
7f6a560b9000-7f6a560bd000 r--s 0002c000 fd:00 14574                      /usr/local/spark/jars/avro-ipc-1.7.7.jar
7f6a560bd000-7f6a560bf000 r--s 00003000 fd:00 14618                      /usr/local/spark/jars/JavaEWAH-0.3.2.jar
7f6a560bf000-7f6a560d1000 r--s 000b3000 fd:00 14621                      /usr/local/spark/jars/scalap-2.11.8.jar
7f6a560d1000-7f6a560d4000 r--s 00015000 fd:00 14550                      /usr/local/spark/jars/pyrolite-4.13.jar
7f6a560d4000-7f6a560d6000 r--s 00007000 fd:00 14542                      /usr/local/spark/jars/paranamer-2.6.jar
7f6a560d6000-7f6a560d8000 r--s 00009000 fd:00 14644                      /usr/local/spark/jars/objenesis-2.1.jar
7f6a560d8000-7f6a560de000 r--s 0002c000 fd:00 14620                      /usr/local/spark/jars/jdo-api-3.0.1.jar
7f6a560de000-7f6a560e1000 r--s 00028000 fd:00 14469                      /usr/local/spark/jars/stream-2.7.0.jar
7f6a560e1000-7f6a560e2000 r--s 00001000 fd:00 14512                      /usr/local/spark/jars/minlog-1.3.0.jar
7f6a560e2000-7f6a560eb000 r--s 0006f000 fd:00 14551                      /usr/local/spark/jars/log4j-1.2.17.jar
7f6a560eb000-7f6a560ee000 r--s 00006000 fd:00 14547                      /usr/local/spark/jars/jsr305-1.3.9.jar
7f6a560ee000-7f6a560f2000 r--s 00031000 fd:00 14490                      /usr/local/spark/jars/jline-2.12.1.jar
7f6a560f2000-7f6a560f9000 r--s 0007d000 fd:00 14549                      /usr/local/spark/jars/jetty-6.1.26.jar
7f6a560f9000-7f6a56114000 r--s 001d8000 fd:00 14481                      /usr/local/spark/jars/jets3t-0.9.3.jar
7f6a56114000-7f6a5611e000 r--s 000aa000 fd:00 14586                      /usr/local/spark/jars/janino-3.0.0.jar
7f6a5611e000-7f6a56147000 r--s 001ee000 fd:00 14659                      /usr/local/spark/jars/guava-14.0.1.jar
7f6a56147000-7f6a56149000 r--s 00003000 fd:00 14639                      /usr/local/spark/jars/base64-2.3.8.jar
7f6a56149000-7f6a5614a000 r--s 00003000 fd:00 14497                      /usr/local/spark/jars/xmlenc-0.52.jar
7f6a5614a000-7f6a5614d000 r--s 0001a000 fd:00 14626                      /usr/local/spark/jars/py4j-0.10.4.jar
7f6a5614d000-7f6a5614e000 r--s 00004000 fd:00 14543                      /usr/local/spark/jars/opencsv-2.3.jar
7f6a5614e000-7f6a56151000 r--s 00016000 fd:00 14496                      /usr/local/spark/jars/jsp-api-2.1.jar
7f6a56151000-7f6a56156000 r--s 00068000 fd:00 14600                      /usr/local/spark/jars/antlr-2.7.7.jar
7f6a56156000-7f6a5615d000 r--s 0005d000 fd:00 14602                      /usr/local/spark/jars/mx4j-3.0.2.jar
7f6a5615d000-7f6a56165000 r--s 00078000 fd:00 14614                      /usr/local/spark/jars/mail-1.4.7.jar
7f6a56165000-7f6a5616a000 r--s 0002a000 fd:00 14562                      /usr/local/spark/jars/gson-2.2.4.jar
7f6a5616a000-7f6a5616c000 r--s 00027000 fd:00 14598                      /usr/local/spark/jars/core-1.1.2.jar
7f6a5616c000-7f6a56175000 r--s 00062000 fd:00 14488                      /usr/local/spark/jars/avro-1.7.7.jar
7f6a56175000-7f6a56177000 r--s 0000e000 fd:00 14462                      /usr/local/spark/jars/oro-2.0.8.jar
7f6a56177000-7f6a5618d000 r--s 00124000 fd:00 14625                      /usr/local/spark/jars/ivy-2.4.0.jar
7f6a5618d000-7f6a5619c000 r--s 0009f000 fd:00 14561                      /usr/local/spark/jars/guice-3.0.jar
7f6a5619c000-7f6a561a0000 r--s 00036000 fd:00 14647                      /usr/local/spark/jars/ST4-4.0.4.jar
7f6a561a0000-7f6a561a3000 ---p 00000000 00:00 0 
7f6a561a3000-7f6a562a1000 rw-p 00000000 00:00 0 
7f6a562a1000-7f6a562a4000 ---p 00000000 00:00 0 
7f6a562a4000-7f6a563a2000 rw-p 00000000 00:00 0 
7f6a563a2000-7f6a563a5000 ---p 00000000 00:00 0 
7f6a563a5000-7f6a564a3000 rw-p 00000000 00:00 0 
7f6a564a3000-7f6a564a4000 ---p 00000000 00:00 0 
7f6a564a4000-7f6a565f3000 rw-p 00000000 00:00 0 
7f6a565f3000-7f6a567cd000 r--s 03d4d000 fd:00 16146                      /usr/local/java/jre/lib/rt.jar
7f6a567cd000-7f6a572a2000 rw-p 00000000 00:00 0 
7f6a572a2000-7f6a573ce000 ---p 00000000 00:00 0 
7f6a573ce000-7f6a57524000 rw-p 00000000 00:00 0 
7f6a57524000-7f6a575ce000 ---p 00000000 00:00 0 
7f6a575ce000-7f6a578a3000 rw-p 00000000 00:00 0 
7f6a578a3000-7f6a579ce000 ---p 00000000 00:00 0 
7f6a579ce000-7f6a579f8000 rw-p 00000000 00:00 0 
7f6a579f8000-7f6a57d8f000 ---p 00000000 00:00 0 
7f6a57d8f000-7f6a587af000 rwxp 00000000 00:00 0 
7f6a587af000-7f6a66d8f000 ---p 00000000 00:00 0 
7f6a66d8f000-7f6a66da9000 r-xp 00000000 fd:00 16177                      /usr/local/java/jre/lib/amd64/libzip.so
7f6a66da9000-7f6a66fa9000 ---p 0001a000 fd:00 16177                      /usr/local/java/jre/lib/amd64/libzip.so
7f6a66fa9000-7f6a66faa000 rw-p 0001a000 fd:00 16177                      /usr/local/java/jre/lib/amd64/libzip.so
7f6a66faa000-7f6a66fb5000 r-xp 00000000 fd:00 928534                     /usr/lib64/libnss_files-2.25.so
7f6a66fb5000-7f6a671b4000 ---p 0000b000 fd:00 928534                     /usr/lib64/libnss_files-2.25.so
7f6a671b4000-7f6a671b5000 r--p 0000a000 fd:00 928534                     /usr/lib64/libnss_files-2.25.so
7f6a671b5000-7f6a671b6000 rw-p 0000b000 fd:00 928534                     /usr/lib64/libnss_files-2.25.so
7f6a671b6000-7f6a671bc000 rw-p 00000000 00:00 0 
7f6a671bc000-7f6a679c1000 r--s 00000000 fd:00 666393                     /var/lib/sss/mc/passwd
7f6a679c1000-7f6a679c9000 r-xp 00000000 fd:00 928544                     /usr/lib64/libnss_sss.so.2
7f6a679c9000-7f6a67bc8000 ---p 00008000 fd:00 928544                     /usr/lib64/libnss_sss.so.2
7f6a67bc8000-7f6a67bc9000 r--p 00007000 fd:00 928544                     /usr/lib64/libnss_sss.so.2
7f6a67bc9000-7f6a67bca000 rw-p 00008000 fd:00 928544                     /usr/lib64/libnss_sss.so.2
7f6a67bca000-7f6a67bd4000 r-xp 00000000 fd:00 16215                      /usr/local/java/jre/lib/amd64/libinstrument.so
7f6a67bd4000-7f6a67dd3000 ---p 0000a000 fd:00 16215                      /usr/local/java/jre/lib/amd64/libinstrument.so
7f6a67dd3000-7f6a67dd4000 rw-p 00009000 fd:00 16215                      /usr/local/java/jre/lib/amd64/libinstrument.so
7f6a67dd4000-7f6a67dff000 r-xp 00000000 fd:00 16204                      /usr/local/java/jre/lib/amd64/libjava.so
7f6a67dff000-7f6a67ffe000 ---p 0002b000 fd:00 16204                      /usr/local/java/jre/lib/amd64/libjava.so
7f6a67ffe000-7f6a68000000 rw-p 0002a000 fd:00 16204                      /usr/local/java/jre/lib/amd64/libjava.so
7f6a68000000-7f6a69fa1000 rw-p 00000000 00:00 0 
7f6a69fa1000-7f6a6c000000 ---p 00000000 00:00 0 
7f6a6c000000-7f6a6c001000 r--s 0000b000 fd:00 14534                      /usr/local/spark/jars/snappy-0.2.jar
7f6a6c001000-7f6a6c003000 r--s 00038000 fd:00 14597                      /usr/local/spark/jars/lz4-1.3.0.jar
7f6a6c003000-7f6a6c004000 r--s 00002000 fd:00 14588                      /usr/local/spark/jars/jpam-1.1.jar
7f6a6c004000-7f6a6c017000 r--s 00345000 fd:00 16378                      /usr/local/java/jre/lib/resources.jar
7f6a6c017000-7f6a6c02a000 r--s 000d6000 fd:00 16377                      /usr/local/java/jre/lib/plugin.jar
7f6a6c02a000-7f6a6c02f000 r--s 0009a000 fd:00 16098                      /usr/local/java/jre/lib/jsse.jar
7f6a6c02f000-7f6a6c04a000 r--s 0020b000 fd:00 16262                      /usr/local/java/jre/lib/deploy.jar
7f6a6c04a000-7f6a6c057000 r-xp 00000000 fd:00 16155                      /usr/local/java/jre/lib/amd64/libverify.so
7f6a6c057000-7f6a6c257000 ---p 0000d000 fd:00 16155                      /usr/local/java/jre/lib/amd64/libverify.so
7f6a6c257000-7f6a6c259000 rw-p 0000d000 fd:00 16155                      /usr/local/java/jre/lib/amd64/libverify.so
7f6a6c259000-7f6a6c260000 r-xp 00000000 fd:00 928676                     /usr/lib64/librt-2.25.so
7f6a6c260000-7f6a6c45f000 ---p 00007000 fd:00 928676                     /usr/lib64/librt-2.25.so
7f6a6c45f000-7f6a6c460000 r--p 00006000 fd:00 928676                     /usr/lib64/librt-2.25.so
7f6a6c460000-7f6a6c461000 rw-p 00007000 fd:00 928676                     /usr/lib64/librt-2.25.so
7f6a6c461000-7f6a6c576000 r-xp 00000000 fd:00 928454                     /usr/lib64/libm-2.25.so
7f6a6c576000-7f6a6c775000 ---p 00115000 fd:00 928454                     /usr/lib64/libm-2.25.so
7f6a6c775000-7f6a6c776000 r--p 00114000 fd:00 928454                     /usr/lib64/libm-2.25.so
7f6a6c776000-7f6a6c777000 rw-p 00115000 fd:00 928454                     /usr/lib64/libm-2.25.so
7f6a6c777000-7f6a6d44a000 r-xp 00000000 fd:00 16208                      /usr/local/java/jre/lib/amd64/server/libjvm.so
7f6a6d44a000-7f6a6d649000 ---p 00cd3000 fd:00 16208                      /usr/local/java/jre/lib/amd64/server/libjvm.so
7f6a6d649000-7f6a6d723000 rw-p 00cd2000 fd:00 16208                      /usr/local/java/jre/lib/amd64/server/libjvm.so
7f6a6d723000-7f6a6d76e000 rw-p 00000000 00:00 0 
7f6a6d76e000-7f6a6d935000 r-xp 00000000 fd:00 928031                     /usr/lib64/libc-2.25.so
7f6a6d935000-7f6a6db35000 ---p 001c7000 fd:00 928031                     /usr/lib64/libc-2.25.so
7f6a6db35000-7f6a6db39000 r--p 001c7000 fd:00 928031                     /usr/lib64/libc-2.25.so
7f6a6db39000-7f6a6db3b000 rw-p 001cb000 fd:00 928031                     /usr/lib64/libc-2.25.so
7f6a6db3b000-7f6a6db3f000 rw-p 00000000 00:00 0 
7f6a6db3f000-7f6a6db42000 r-xp 00000000 fd:00 928123                     /usr/lib64/libdl-2.25.so
7f6a6db42000-7f6a6dd41000 ---p 00003000 fd:00 928123                     /usr/lib64/libdl-2.25.so
7f6a6dd41000-7f6a6dd42000 r--p 00002000 fd:00 928123                     /usr/lib64/libdl-2.25.so
7f6a6dd42000-7f6a6dd43000 rw-p 00003000 fd:00 928123                     /usr/lib64/libdl-2.25.so
7f6a6dd43000-7f6a6dd58000 r-xp 00000000 fd:00 15289                      /usr/local/java/lib/amd64/jli/libjli.so
7f6a6dd58000-7f6a6df58000 ---p 00015000 fd:00 15289                      /usr/local/java/lib/amd64/jli/libjli.so
7f6a6df58000-7f6a6df59000 rw-p 00015000 fd:00 15289                      /usr/local/java/lib/amd64/jli/libjli.so
7f6a6df59000-7f6a6df72000 r-xp 00000000 fd:00 928627                     /usr/lib64/libpthread-2.25.so
7f6a6df72000-7f6a6e172000 ---p 00019000 fd:00 928627                     /usr/lib64/libpthread-2.25.so
7f6a6e172000-7f6a6e173000 r--p 00019000 fd:00 928627                     /usr/lib64/libpthread-2.25.so
7f6a6e173000-7f6a6e174000 rw-p 0001a000 fd:00 928627                     /usr/lib64/libpthread-2.25.so
7f6a6e174000-7f6a6e178000 rw-p 00000000 00:00 0 
7f6a6e178000-7f6a6e19f000 r-xp 00000000 fd:00 927854                     /usr/lib64/ld-2.25.so
7f6a6e19f000-7f6a6e1a3000 r--s 00014000 fd:00 14652                      /usr/local/spark/jars/xz-1.0.jar
7f6a6e1a3000-7f6a6e1a8000 r--s 00084000 fd:00 16253                      /usr/local/java/jre/lib/jfr.jar
7f6a6e1a8000-7f6a6e1b2000 r--s 0006c000 fd:00 16261                      /usr/local/java/jre/lib/javaws.jar
7f6a6e1b2000-7f6a6e283000 rw-p 00000000 00:00 0 
7f6a6e283000-7f6a6e286000 ---p 00000000 00:00 0 
7f6a6e286000-7f6a6e386000 rw-p 00000000 00:00 0 
7f6a6e386000-7f6a6e387000 r--s 00003000 fd:00 14477                      /usr/local/spark/jars/jta-1.1.jar
7f6a6e387000-7f6a6e388000 r--s 00000000 fd:00 16225                      /usr/local/java/jre/lib/management-agent.jar
7f6a6e388000-7f6a6e38a000 r--s 00007000 fd:00 16219                      /usr/local/java/jre/lib/jfxswt.jar
7f6a6e38a000-7f6a6e38d000 r--s 0001a000 fd:00 16431                      /usr/local/java/jre/lib/jce.jar
7f6a6e38d000-7f6a6e392000 r--s 002f9000 fd:00 16099                      /usr/local/java/jre/lib/charsets.jar
7f6a6e392000-7f6a6e39a000 rw-s 00000000 00:28 156258                     /tmp/hsperfdata_zzt/7925
7f6a6e39a000-7f6a6e39b000 rw-p 00000000 00:00 0 
7f6a6e39b000-7f6a6e39c000 ---p 00000000 00:00 0 
7f6a6e39c000-7f6a6e39e000 rw-p 00000000 00:00 0 
7f6a6e39e000-7f6a6e39f000 r--p 00026000 fd:00 927854                     /usr/lib64/ld-2.25.so
7f6a6e39f000-7f6a6e3a1000 rw-p 00027000 fd:00 927854                     /usr/lib64/ld-2.25.so
7ffc6cd60000-7ffc6cd87000 rw-p 00000000 00:00 0                          [stack]
7ffc6cda6000-7ffc6cda8000 r--p 00000000 00:00 0                          [vvar]
7ffc6cda8000-7ffc6cdaa000 r-xp 00000000 00:00 0                          [vdso]
ffffffffff600000-ffffffffff601000 r-xp 00000000 00:00 0                  [vsyscall]

VM Arguments:
jvm_args: -Dspark.master=local -Xmx3072m -Xms2048m -javaagent:/home/hong/下载/ideaIU-2017.2.5/idea-IU-172.4343.14/lib/idea_rt.jar=44093:/home/hong/下载/ideaIU-2017.2.5/idea-IU-172.4343.14/bin -Dfile.encoding=UTF-8 
java_command: nju.software.Main
java_class_path (initial): /usr/local/java/jre/lib/charsets.jar:/usr/local/java/jre/lib/deploy.jar:/usr/local/java/jre/lib/ext/cldrdata.jar:/usr/local/java/jre/lib/ext/dnsns.jar:/usr/local/java/jre/lib/ext/jaccess.jar:/usr/local/java/jre/lib/ext/jfxrt.jar:/usr/local/java/jre/lib/ext/localedata.jar:/usr/local/java/jre/lib/ext/nashorn.jar:/usr/local/java/jre/lib/ext/sunec.jar:/usr/local/java/jre/lib/ext/sunjce_provider.jar:/usr/local/java/jre/lib/ext/sunpkcs11.jar:/usr/local/java/jre/lib/ext/zipfs.jar:/usr/local/java/jre/lib/javaws.jar:/usr/local/java/jre/lib/jce.jar:/usr/local/java/jre/lib/jfr.jar:/usr/local/java/jre/lib/jfxswt.jar:/usr/local/java/jre/lib/jsse.jar:/usr/local/java/jre/lib/management-agent.jar:/usr/local/java/jre/lib/plugin.jar:/usr/local/java/jre/lib/resources.jar:/usr/local/java/jre/lib/rt.jar:/home/hong/IdeaProjects/Clustering/target/classes:/usr/local/spark/jars/xz-1.0.jar:/usr/local/spark/jars/jta-1.1.jar:/usr/local/spark/jars/jpam-1.1.jar:/usr/local/spark/jars/ST4-4.0.4.jar:/usr/local/spark/jars/guice-3.0.jar:/usr/local/spark/jars/ivy-2.4.0.jar:/usr/local/spark/jars/lz4-1.3.0.jar:/usr/local/spark/jars/oro-2.0.8.jar:/usr/local/spark/jars/avro-1.7.7.jar:/usr/local/spark/jars/core-1.1.2.jar:/usr/local/spark/jars/gson-2.2.4.jar:/usr/local/spark/jars/mail-1.4.7.jar:/usr/local/spark/jars/mx4j-3.0.2.jar:/usr/local/spark/jars/snappy-0.2.jar:/usr/local/spark/jars/antlr-2.7.7.jar:/usr/local/spark/jars/jsp-api-2.1.jar:/usr/local/spark/jars/opencsv-2.3.jar:/usr/local/spark/jars/py4j-0.10.4.jar:/usr/local/spark/jars/xmlenc-0.52.jar:/usr/local/spark/jars/base64-2.3.8.jar:/usr/local/spark/jars/guava-14.0.1.jar:/usr/local/spark/jars/janino-3.0.0.jar:/usr/local/spark/jars/jets3t-0.9.3.jar:/usr/local/spark/jars/jetty-6.1.26.jar:/usr/local/spark/jars/jline-2.12.1.jar:/usr/local/spark/jars/jsr305-1.3.9.jar:/usr/local/spark/jars/log4j-1.2.17.jar:/usr/local/spark/jars/minlog-1.3.0.jar:/usr/local/spark/jars/stream-2.7.0.jar:/usr/local/spark/jars/jdo-api-3.0.1.jar:/us
Launcher Type: SUN_STANDARD

Environment Variables:
JAVA_HOME=/usr/local/java/
JRE_HOME=/usr/local/java/jre
CLASSPATH=/home/hong/下载/ideaIU-2017.2.5/idea-IU-172.4343.14/lib/bootstrap.jar:/home/hong/下载/ideaIU-2017.2.5/idea-IU-172.4343.14/lib/extensions.jar:/home/hong/下载/ideaIU-2017.2.5/idea-IU-172.4343.14/lib/util.jar:/home/hong/下载/ideaIU-2017.2.5/idea-IU-172.4343.14/lib/jdom.jar:/home/hong/下载/ideaIU-2017.2.5/idea-IU-172.4343.14/lib/log4j.jar:/home/hong/下载/ideaIU-2017.2.5/idea-IU-172.4343.14/lib/trove4j.jar:/home/hong/下载/ideaIU-2017.2.5/idea-IU-172.4343.14/lib/jna.jar:/home/hong/下载/ideaIU-2017.2.5/idea-IU-172.4343.14/jre64/lib/tools.jar
PATH=.:/usr/local/scala/bin:/usr/local/java//bin:/usr/local/java/jre/bin:/bin:/usr/local/java/:/usr/local/bin:/usr/local/sbin:/usr/bin:/usr/sbin:/usr/local/hadoop/bin:/usr/local/hadoop/sbin:/usr/local/spark/bin:/usr/local/spark/sbin:/usr/local/spark/bin:/usr/local/spark/sbin:/home/hong/.local/bin:/home/hong/bin
USERNAME=zzt
LD_LIBRARY_PATH=/home/hong/下载/ideaIU-2017.2.5/idea-IU-172.4343.14/bin:
SHELL=/bin/bash
DISPLAY=:0

Signal Handlers:
SIGSEGV: [libjvm.so+0xacba10], sa_mask[0]=11111111011111111101111111111110, sa_flags=SA_RESTART|SA_SIGINFO
SIGBUS: [libjvm.so+0xacba10], sa_mask[0]=11111111011111111101111111111110, sa_flags=SA_RESTART|SA_SIGINFO
SIGFPE: [libjvm.so+0x924ba0], sa_mask[0]=11111111011111111101111111111110, sa_flags=SA_RESTART|SA_SIGINFO
SIGPIPE: [libjvm.so+0x924ba0], sa_mask[0]=11111111011111111101111111111110, sa_flags=SA_RESTART|SA_SIGINFO
SIGXFSZ: [libjvm.so+0x924ba0], sa_mask[0]=11111111011111111101111111111110, sa_flags=SA_RESTART|SA_SIGINFO
SIGILL: [libjvm.so+0x924ba0], sa_mask[0]=11111111011111111101111111111110, sa_flags=SA_RESTART|SA_SIGINFO
SIGUSR1: SIG_DFL, sa_mask[0]=00000000000000000000000000000000, sa_flags=none
SIGUSR2: [libjvm.so+0x9263e0], sa_mask[0]=00100000000000000000000000000000, sa_flags=SA_RESTART|SA_SIGINFO
SIGHUP: [libjvm.so+0x9277e0], sa_mask[0]=11111111011111111101111111111110, sa_flags=SA_RESTART|SA_SIGINFO
SIGINT: [libjvm.so+0x9277e0], sa_mask[0]=11111111011111111101111111111110, sa_flags=SA_RESTART|SA_SIGINFO
SIGTERM: [libjvm.so+0x9277e0], sa_mask[0]=11111111011111111101111111111110, sa_flags=SA_RESTART|SA_SIGINFO
SIGQUIT: [libjvm.so+0x9277e0], sa_mask[0]=11111111011111111101111111111110, sa_flags=SA_RESTART|SA_SIGINFO


---------------  S Y S T E M  ---------------

OS:Fedora release 26 (Twenty Six)

uname:Linux 4.11.8-300.fc26.x86_64 #1 SMP Thu Jun 29 20:09:48 UTC 2017 x86_64
libc:glibc 2.25 NPTL 2.25 
rlimit: STACK 8192k, CORE infinity, NPROC 15633, NOFILE 4096, AS infinity
load average:2.26 1.25 0.95

/proc/meminfo:
MemTotal:        4026556 kB
MemFree:          110712 kB
MemAvailable:      29088 kB
Buffers:            1100 kB
Cached:            74100 kB
SwapCached:        11836 kB
Active:          2681444 kB
Inactive:         548060 kB
Active(anon):    2661864 kB
Inactive(anon):   526896 kB
Active(file):      19580 kB
Inactive(file):    21164 kB
Unevictable:           0 kB
Mlocked:               0 kB
SwapTotal:       2097148 kB
SwapFree:         153260 kB
Dirty:               104 kB
Writeback:             0 kB
AnonPages:       3142724 kB
Mapped:            64520 kB
Shmem:             34348 kB
Slab:             109736 kB
SReclaimable:      37256 kB
SUnreclaim:        72480 kB
KernelStack:       14880 kB
PageTables:        75732 kB
NFS_Unstable:          0 kB
Bounce:                0 kB
WritebackTmp:          0 kB
CommitLimit:     4110424 kB
Committed_AS:   10256904 kB
VmallocTotal:   34359738367 kB
VmallocUsed:           0 kB
VmallocChunk:          0 kB
HardwareCorrupted:     0 kB
AnonHugePages:         0 kB
ShmemHugePages:        0 kB
ShmemPmdMapped:        0 kB
CmaTotal:              0 kB
CmaFree:               0 kB
HugePages_Total:       0
HugePages_Free:        0
HugePages_Rsvd:        0
HugePages_Surp:        0
Hugepagesize:       2048 kB
DirectMap4k:      188224 kB
DirectMap2M:     4005888 kB
DirectMap1G:     2097152 kB


CPU:total 1 (initial active 1) (1 cores per cpu, 1 threads per core) family 6 model 60 stepping 3, cmov, cx8, fxsr, mmx, sse, sse2, sse3, ssse3, sse4.1, sse4.2, popcnt, avx, avx2, aes, clmul, erms, lzcnt, tsc, tscinvbit, bmi1, bmi2

/proc/cpuinfo:
processor	: 0
vendor_id	: GenuineIntel
cpu family	: 6
model		: 60
model name	: Intel(R) Core(TM) i5-4200M CPU @ 2.50GHz
stepping	: 3
microcode	: 0x17
cpu MHz		: 2494.237
cache size	: 3072 KB
physical id	: 0
siblings	: 1
core id		: 0
cpu cores	: 1
apicid		: 0
initial apicid	: 0
fpu		: yes
fpu_exception	: yes
cpuid level	: 13
wp		: yes
flags		: fpu vme de pse tsc msr pae mce cx8 apic sep mtrr pge mca cmov pat pse36 clflush dts mmx fxsr sse sse2 ss syscall nx pdpe1gb rdtscp lm constant_tsc arch_perfmon pebs bts nopl xtopology tsc_reliable nonstop_tsc cpuid aperfmperf pni pclmulqdq ssse3 fma cx16 pcid sse4_1 sse4_2 x2apic movbe popcnt tsc_deadline_timer aes xsave avx f16c rdrand hypervisor lahf_lm abm epb fsgsbase tsc_adjust bmi1 avx2 smep bmi2 invpcid xsaveopt dtherm ida arat pln pts
bugs		:
bogomips	: 4988.47
clflush size	: 64
cache_alignment	: 64
address sizes	: 42 bits physical, 48 bits virtual
power management:



Memory: 4k page, physical 4026556k(110712k free), swap 2097148k(153260k free)

vm_info: Java HotSpot(TM) 64-Bit Server VM (25.144-b01) for linux-amd64 JRE (1.8.0_144-b01), built on Jul 21 2017 21:57:33 by "java_re" with gcc 4.3.0 20080428 (Red Hat 4.3.0-8)

time: Mon Nov 13 15:02:20 2017
elapsed time: 90 seconds (0d 0h 1m 30s)

