#
# There is insufficient memory for the Java Runtime Environment to continue.
# Native memory allocation (mmap) failed to map 1431699456 bytes for committing reserved memory.
# Possible reasons:
#   The system is out of physical RAM or swap space
#   In 32 bit mode, the process size limit was hit
# Possible solutions:
#   Reduce memory load on the system
#   Increase physical memory or swap space
#   Check if swap backing store is full
#   Use 64 bit Java on a 64 bit OS
#   Decrease Java heap size (-Xmx/-Xms)
#   Decrease number of Java threads
#   Decrease Java thread stack sizes (-Xss)
#   Set larger code cache with -XX:ReservedCodeCacheSize=
# This output file may be truncated or incomplete.
#
#  Out of Memory Error (os_linux.cpp:2640), pid=9721, tid=0x00007f1f89849700
#
# JRE version:  (8.0_144-b01) (build )
# Java VM: Java HotSpot(TM) 64-Bit Server VM (25.144-b01 mixed mode linux-amd64 compressed oops)
# Core dump written. Default location: /home/hong/IdeaProjects/Clustering/core or core.9721
#

---------------  T H R E A D  ---------------

Current thread (0x00007f1f80015800):  JavaThread "Unknown thread" [_thread_in_vm, id=9725, stack(0x00007f1f89749000,0x00007f1f8984a000)]

Stack: [0x00007f1f89749000,0x00007f1f8984a000],  sp=0x00007f1f89848340,  free space=1020k
Native frames: (J=compiled Java code, j=interpreted, Vv=VM code, C=native code)
V  [libjvm.so+0xacb18a]  VMError::report_and_die()+0x2ba
V  [libjvm.so+0x4ff4db]  report_vm_out_of_memory(char const*, int, unsigned long, VMErrorType, char const*)+0x8b
V  [libjvm.so+0x927d23]  os::Linux::commit_memory_impl(char*, unsigned long, bool)+0x103
V  [libjvm.so+0x928279]  os::pd_commit_memory(char*, unsigned long, unsigned long, bool)+0x29
V  [libjvm.so+0x92249a]  os::commit_memory(char*, unsigned long, unsigned long, bool)+0x2a
V  [libjvm.so+0xac6ee9]  VirtualSpace::expand_by(unsigned long, bool)+0x199
V  [libjvm.so+0xac7a3e]  VirtualSpace::initialize(ReservedSpace, unsigned long)+0xee
V  [libjvm.so+0x5fdaa1]  CardGeneration::CardGeneration(ReservedSpace, unsigned long, int, GenRemSet*)+0xf1
V  [libjvm.so+0xa6da8f]  TenuredGeneration::TenuredGeneration(ReservedSpace, unsigned long, int, GenRemSet*)+0x5f
V  [libjvm.so+0x5feda9]  GenerationSpec::init(ReservedSpace, int, GenRemSet*)+0x339
V  [libjvm.so+0x5ed98e]  GenCollectedHeap::initialize()+0x1de
V  [libjvm.so+0xa93203]  Universe::initialize_heap()+0xf3
V  [libjvm.so+0xa9376e]  universe_init()+0x3e
V  [libjvm.so+0x640565]  init_globals()+0x65
V  [libjvm.so+0xa76e5e]  Threads::create_vm(JavaVMInitArgs*, bool*)+0x23e
V  [libjvm.so+0x6d4e64]  JNI_CreateJavaVM+0x74
C  [libjli.so+0x745e]  JavaMain+0x9e
C  [libpthread.so.0+0x736d]  start_thread+0xdd


---------------  P R O C E S S  ---------------

Java Threads: ( => current thread )

Other Threads:

=>0x00007f1f80015800 (exited) JavaThread "Unknown thread" [_thread_in_vm, id=9725, stack(0x00007f1f89749000,0x00007f1f8984a000)]

VM state:not at safepoint (not fully initialized)

VM Mutex/Monitor currently owned by a thread: None

GC Heap History (0 events):
No events

Deoptimization events (0 events):
No events

Internal exceptions (0 events):
No events

Events (0 events):
No events


Dynamic libraries:
00400000-00401000 r-xp 00000000 fd:00 16070                              /usr/local/java/bin/java
00600000-00601000 rw-p 00000000 fd:00 16070                              /usr/local/java/bin/java
02441000-02462000 rw-p 00000000 00:00 0                                  [heap]
80000000-aaaa0000 rw-p 00000000 00:00 0 
7f1f71000000-7f1f71270000 rwxp 00000000 00:00 0 
7f1f71270000-7f1f80000000 ---p 00000000 00:00 0 
7f1f80000000-7f1f80043000 rw-p 00000000 00:00 0 
7f1f80043000-7f1f84000000 ---p 00000000 00:00 0 
7f1f85857000-7f1f85c34000 rw-p 00000000 00:00 0 
7f1f85c34000-7f1f85ede000 ---p 00000000 00:00 0 
7f1f85ede000-7f1f85ee9000 rw-p 00000000 00:00 0 
7f1f85ee9000-7f1f8629f000 ---p 00000000 00:00 0 
7f1f8629f000-7f1f862b9000 r-xp 00000000 fd:00 16177                      /usr/local/java/jre/lib/amd64/libzip.so
7f1f862b9000-7f1f864b9000 ---p 0001a000 fd:00 16177                      /usr/local/java/jre/lib/amd64/libzip.so
7f1f864b9000-7f1f864ba000 rw-p 0001a000 fd:00 16177                      /usr/local/java/jre/lib/amd64/libzip.so
7f1f864ba000-7f1f864c5000 r-xp 00000000 fd:00 928534                     /usr/lib64/libnss_files-2.25.so
7f1f864c5000-7f1f866c4000 ---p 0000b000 fd:00 928534                     /usr/lib64/libnss_files-2.25.so
7f1f866c4000-7f1f866c5000 r--p 0000a000 fd:00 928534                     /usr/lib64/libnss_files-2.25.so
7f1f866c5000-7f1f866c6000 rw-p 0000b000 fd:00 928534                     /usr/lib64/libnss_files-2.25.so
7f1f866c6000-7f1f866cc000 rw-p 00000000 00:00 0 
7f1f866cc000-7f1f86ed1000 r--s 00000000 fd:00 666393                     /var/lib/sss/mc/passwd
7f1f86ed1000-7f1f86ed9000 r-xp 00000000 fd:00 928544                     /usr/lib64/libnss_sss.so.2
7f1f86ed9000-7f1f870d8000 ---p 00008000 fd:00 928544                     /usr/lib64/libnss_sss.so.2
7f1f870d8000-7f1f870d9000 r--p 00007000 fd:00 928544                     /usr/lib64/libnss_sss.so.2
7f1f870d9000-7f1f870da000 rw-p 00008000 fd:00 928544                     /usr/lib64/libnss_sss.so.2
7f1f870da000-7f1f870e4000 r-xp 00000000 fd:00 16215                      /usr/local/java/jre/lib/amd64/libinstrument.so
7f1f870e4000-7f1f872e3000 ---p 0000a000 fd:00 16215                      /usr/local/java/jre/lib/amd64/libinstrument.so
7f1f872e3000-7f1f872e4000 rw-p 00009000 fd:00 16215                      /usr/local/java/jre/lib/amd64/libinstrument.so
7f1f872e4000-7f1f8730f000 r-xp 00000000 fd:00 16204                      /usr/local/java/jre/lib/amd64/libjava.so
7f1f8730f000-7f1f8750e000 ---p 0002b000 fd:00 16204                      /usr/local/java/jre/lib/amd64/libjava.so
7f1f8750e000-7f1f87510000 rw-p 0002a000 fd:00 16204                      /usr/local/java/jre/lib/amd64/libjava.so
7f1f87510000-7f1f8751d000 r-xp 00000000 fd:00 16155                      /usr/local/java/jre/lib/amd64/libverify.so
7f1f8751d000-7f1f8771d000 ---p 0000d000 fd:00 16155                      /usr/local/java/jre/lib/amd64/libverify.so
7f1f8771d000-7f1f8771f000 rw-p 0000d000 fd:00 16155                      /usr/local/java/jre/lib/amd64/libverify.so
7f1f8771f000-7f1f87726000 r-xp 00000000 fd:00 928676                     /usr/lib64/librt-2.25.so
7f1f87726000-7f1f87925000 ---p 00007000 fd:00 928676                     /usr/lib64/librt-2.25.so
7f1f87925000-7f1f87926000 r--p 00006000 fd:00 928676                     /usr/lib64/librt-2.25.so
7f1f87926000-7f1f87927000 rw-p 00007000 fd:00 928676                     /usr/lib64/librt-2.25.so
7f1f87927000-7f1f87a3c000 r-xp 00000000 fd:00 928454                     /usr/lib64/libm-2.25.so
7f1f87a3c000-7f1f87c3b000 ---p 00115000 fd:00 928454                     /usr/lib64/libm-2.25.so
7f1f87c3b000-7f1f87c3c000 r--p 00114000 fd:00 928454                     /usr/lib64/libm-2.25.so
7f1f87c3c000-7f1f87c3d000 rw-p 00115000 fd:00 928454                     /usr/lib64/libm-2.25.so
7f1f87c3d000-7f1f88910000 r-xp 00000000 fd:00 16208                      /usr/local/java/jre/lib/amd64/server/libjvm.so
7f1f88910000-7f1f88b0f000 ---p 00cd3000 fd:00 16208                      /usr/local/java/jre/lib/amd64/server/libjvm.so
7f1f88b0f000-7f1f88be9000 rw-p 00cd2000 fd:00 16208                      /usr/local/java/jre/lib/amd64/server/libjvm.so
7f1f88be9000-7f1f88c34000 rw-p 00000000 00:00 0 
7f1f88c34000-7f1f88dfb000 r-xp 00000000 fd:00 928031                     /usr/lib64/libc-2.25.so
7f1f88dfb000-7f1f88ffb000 ---p 001c7000 fd:00 928031                     /usr/lib64/libc-2.25.so
7f1f88ffb000-7f1f88fff000 r--p 001c7000 fd:00 928031                     /usr/lib64/libc-2.25.so
7f1f88fff000-7f1f89001000 rw-p 001cb000 fd:00 928031                     /usr/lib64/libc-2.25.so
7f1f89001000-7f1f89005000 rw-p 00000000 00:00 0 
7f1f89005000-7f1f89008000 r-xp 00000000 fd:00 928123                     /usr/lib64/libdl-2.25.so
7f1f89008000-7f1f89207000 ---p 00003000 fd:00 928123                     /usr/lib64/libdl-2.25.so
7f1f89207000-7f1f89208000 r--p 00002000 fd:00 928123                     /usr/lib64/libdl-2.25.so
7f1f89208000-7f1f89209000 rw-p 00003000 fd:00 928123                     /usr/lib64/libdl-2.25.so
7f1f89209000-7f1f8921e000 r-xp 00000000 fd:00 15289                      /usr/local/java/lib/amd64/jli/libjli.so
7f1f8921e000-7f1f8941e000 ---p 00015000 fd:00 15289                      /usr/local/java/lib/amd64/jli/libjli.so
7f1f8941e000-7f1f8941f000 rw-p 00015000 fd:00 15289                      /usr/local/java/lib/amd64/jli/libjli.so
7f1f8941f000-7f1f89438000 r-xp 00000000 fd:00 928627                     /usr/lib64/libpthread-2.25.so
7f1f89438000-7f1f89638000 ---p 00019000 fd:00 928627                     /usr/lib64/libpthread-2.25.so
7f1f89638000-7f1f89639000 r--p 00019000 fd:00 928627                     /usr/lib64/libpthread-2.25.so
7f1f89639000-7f1f8963a000 rw-p 0001a000 fd:00 928627                     /usr/lib64/libpthread-2.25.so
7f1f8963a000-7f1f8963e000 rw-p 00000000 00:00 0 
7f1f8963e000-7f1f89665000 r-xp 00000000 fd:00 927854                     /usr/lib64/ld-2.25.so
7f1f89749000-7f1f8974c000 ---p 00000000 00:00 0 
7f1f8974c000-7f1f8984c000 rw-p 00000000 00:00 0 
7f1f89858000-7f1f89860000 rw-s 00000000 00:28 204124                     /tmp/hsperfdata_zzt/9721
7f1f89860000-7f1f89861000 rw-p 00000000 00:00 0 
7f1f89861000-7f1f89862000 r--p 00000000 00:00 0 
7f1f89862000-7f1f89864000 rw-p 00000000 00:00 0 
7f1f89864000-7f1f89865000 r--p 00026000 fd:00 927854                     /usr/lib64/ld-2.25.so
7f1f89865000-7f1f89867000 rw-p 00027000 fd:00 927854                     /usr/lib64/ld-2.25.so
7fffead3d000-7fffead64000 rw-p 00000000 00:00 0                          [stack]
7fffead7b000-7fffead7d000 r--p 00000000 00:00 0                          [vvar]
7fffead7d000-7fffead7f000 r-xp 00000000 00:00 0                          [vdso]
ffffffffff600000-ffffffffff601000 r-xp 00000000 00:00 0                  [vsyscall]

VM Arguments:
jvm_args: -Dspark.master=local -Xmx2048m -Xms2048m -javaagent:/home/hong/下载/ideaIU-2017.2.5/idea-IU-172.4343.14/lib/idea_rt.jar=35023:/home/hong/下载/ideaIU-2017.2.5/idea-IU-172.4343.14/bin -Dfile.encoding=UTF-8 
java_command: nju.software.Main
java_class_path (initial): /usr/local/java/jre/lib/charsets.jar:/usr/local/java/jre/lib/deploy.jar:/usr/local/java/jre/lib/ext/cldrdata.jar:/usr/local/java/jre/lib/ext/dnsns.jar:/usr/local/java/jre/lib/ext/jaccess.jar:/usr/local/java/jre/lib/ext/jfxrt.jar:/usr/local/java/jre/lib/ext/localedata.jar:/usr/local/java/jre/lib/ext/nashorn.jar:/usr/local/java/jre/lib/ext/sunec.jar:/usr/local/java/jre/lib/ext/sunjce_provider.jar:/usr/local/java/jre/lib/ext/sunpkcs11.jar:/usr/local/java/jre/lib/ext/zipfs.jar:/usr/local/java/jre/lib/javaws.jar:/usr/local/java/jre/lib/jce.jar:/usr/local/java/jre/lib/jfr.jar:/usr/local/java/jre/lib/jfxswt.jar:/usr/local/java/jre/lib/jsse.jar:/usr/local/java/jre/lib/management-agent.jar:/usr/local/java/jre/lib/plugin.jar:/usr/local/java/jre/lib/resources.jar:/usr/local/java/jre/lib/rt.jar:/home/hong/IdeaProjects/Clustering/target/classes:/usr/local/spark/jars/xz-1.0.jar:/usr/local/spark/jars/jta-1.1.jar:/usr/local/spark/jars/jpam-1.1.jar:/usr/local/spark/jars/ST4-4.0.4.jar:/usr/local/spark/jars/guice-3.0.jar:/usr/local/spark/jars/ivy-2.4.0.jar:/usr/local/spark/jars/lz4-1.3.0.jar:/usr/local/spark/jars/oro-2.0.8.jar:/usr/local/spark/jars/avro-1.7.7.jar:/usr/local/spark/jars/core-1.1.2.jar:/usr/local/spark/jars/gson-2.2.4.jar:/usr/local/spark/jars/mail-1.4.7.jar:/usr/local/spark/jars/mx4j-3.0.2.jar:/usr/local/spark/jars/snappy-0.2.jar:/usr/local/spark/jars/antlr-2.7.7.jar:/usr/local/spark/jars/jsp-api-2.1.jar:/usr/local/spark/jars/opencsv-2.3.jar:/usr/local/spark/jars/py4j-0.10.4.jar:/usr/local/spark/jars/xmlenc-0.52.jar:/usr/local/spark/jars/base64-2.3.8.jar:/usr/local/spark/jars/guava-14.0.1.jar:/usr/local/spark/jars/janino-3.0.0.jar:/usr/local/spark/jars/jets3t-0.9.3.jar:/usr/local/spark/jars/jetty-6.1.26.jar:/usr/local/spark/jars/jline-2.12.1.jar:/usr/local/spark/jars/jsr305-1.3.9.jar:/usr/local/spark/jars/log4j-1.2.17.jar:/usr/local/spark/jars/minlog-1.3.0.jar:/usr/local/spark/jars/stream-2.7.0.jar:/usr/local/spark/jars/jdo-api-3.0.1.jar:/us
Launcher Type: SUN_STANDARD

Environment Variables:
JAVA_HOME=/usr/local/java/
JRE_HOME=/usr/local/java/jre
CLASSPATH=/home/hong/下载/ideaIU-2017.2.5/idea-IU-172.4343.14/lib/bootstrap.jar:/home/hong/下载/ideaIU-2017.2.5/idea-IU-172.4343.14/lib/extensions.jar:/home/hong/下载/ideaIU-2017.2.5/idea-IU-172.4343.14/lib/util.jar:/home/hong/下载/ideaIU-2017.2.5/idea-IU-172.4343.14/lib/jdom.jar:/home/hong/下载/ideaIU-2017.2.5/idea-IU-172.4343.14/lib/log4j.jar:/home/hong/下载/ideaIU-2017.2.5/idea-IU-172.4343.14/lib/trove4j.jar:/home/hong/下载/ideaIU-2017.2.5/idea-IU-172.4343.14/lib/jna.jar:/home/hong/下载/ideaIU-2017.2.5/idea-IU-172.4343.14/jre64/lib/tools.jar
PATH=.:/usr/local/scala/bin:/usr/local/java//bin:/usr/local/java/jre/bin:/bin:/usr/local/java/:/usr/local/bin:/usr/local/sbin:/usr/bin:/usr/sbin:/usr/local/hadoop/bin:/usr/local/hadoop/sbin:/usr/local/spark/bin:/usr/local/spark/sbin:/usr/local/spark/bin:/usr/local/spark/sbin:/home/hong/.local/bin:/home/hong/bin
USERNAME=zzt
LD_LIBRARY_PATH=/home/hong/下载/ideaIU-2017.2.5/idea-IU-172.4343.14/bin:
SHELL=/bin/bash
DISPLAY=:0

Signal Handlers:
SIGSEGV: [libjvm.so+0xacba10], sa_mask[0]=11111111011111111101111111111110, sa_flags=SA_RESTART|SA_SIGINFO
SIGBUS: [libjvm.so+0xacba10], sa_mask[0]=11111111011111111101111111111110, sa_flags=SA_RESTART|SA_SIGINFO
SIGFPE: [libjvm.so+0x924ba0], sa_mask[0]=11111111011111111101111111111110, sa_flags=SA_RESTART|SA_SIGINFO
SIGPIPE: [libjvm.so+0x924ba0], sa_mask[0]=11111111011111111101111111111110, sa_flags=SA_RESTART|SA_SIGINFO
SIGXFSZ: [libjvm.so+0x924ba0], sa_mask[0]=11111111011111111101111111111110, sa_flags=SA_RESTART|SA_SIGINFO
SIGILL: [libjvm.so+0x924ba0], sa_mask[0]=11111111011111111101111111111110, sa_flags=SA_RESTART|SA_SIGINFO
SIGUSR1: SIG_DFL, sa_mask[0]=00000000000000000000000000000000, sa_flags=none
SIGUSR2: [libjvm.so+0x9263e0], sa_mask[0]=00100000000000000000000000000000, sa_flags=SA_RESTART|SA_SIGINFO
SIGHUP: SIG_DFL, sa_mask[0]=00000000000000000000000000000000, sa_flags=none
SIGINT: SIG_DFL, sa_mask[0]=00000000000000000000000000000000, sa_flags=none
SIGTERM: SIG_DFL, sa_mask[0]=00000000000000000000000000000000, sa_flags=none
SIGQUIT: SIG_DFL, sa_mask[0]=00000000000000000000000000000000, sa_flags=none


---------------  S Y S T E M  ---------------

OS:Fedora release 26 (Twenty Six)

uname:Linux 4.11.8-300.fc26.x86_64 #1 SMP Thu Jun 29 20:09:48 UTC 2017 x86_64
libc:glibc 2.25 NPTL 2.25 
rlimit: STACK 8192k, CORE infinity, NPROC 15633, NOFILE 4096, AS infinity
load average:4.66 13.45 10.74

/proc/meminfo:
MemTotal:        4026556 kB
MemFree:          332792 kB
MemAvailable:     457844 kB
Buffers:           10312 kB
Cached:          1420256 kB
SwapCached:       124492 kB
Active:          1835044 kB
Inactive:        1116768 kB
Active(anon):    1774956 kB
Inactive(anon):   867352 kB
Active(file):      60088 kB
Inactive(file):   249416 kB
Unevictable:           0 kB
Mlocked:               0 kB
SwapTotal:       2097148 kB
SwapFree:         501604 kB
Dirty:               104 kB
Writeback:             0 kB
AnonPages:       1396904 kB
Mapped:           167732 kB
Shmem:           1121056 kB
Slab:             113900 kB
SReclaimable:      41280 kB
SUnreclaim:        72620 kB
KernelStack:       14064 kB
PageTables:        71980 kB
NFS_Unstable:          0 kB
Bounce:                0 kB
WritebackTmp:          0 kB
CommitLimit:     4110424 kB
Committed_AS:   10039588 kB
VmallocTotal:   34359738367 kB
VmallocUsed:           0 kB
VmallocChunk:          0 kB
HardwareCorrupted:     0 kB
AnonHugePages:         0 kB
ShmemHugePages:        0 kB
ShmemPmdMapped:        0 kB
CmaTotal:              0 kB
CmaFree:               0 kB
HugePages_Total:       0
HugePages_Free:        0
HugePages_Rsvd:        0
HugePages_Surp:        0
Hugepagesize:       2048 kB
DirectMap4k:      192320 kB
DirectMap2M:     4001792 kB
DirectMap1G:     2097152 kB


CPU:total 1 (initial active 1) (1 cores per cpu, 1 threads per core) family 6 model 60 stepping 3, cmov, cx8, fxsr, mmx, sse, sse2, sse3, ssse3, sse4.1, sse4.2, popcnt, avx, avx2, aes, clmul, erms, lzcnt, tsc, tscinvbit, bmi1, bmi2

/proc/cpuinfo:
processor	: 0
vendor_id	: GenuineIntel
cpu family	: 6
model		: 60
model name	: Intel(R) Core(TM) i5-4200M CPU @ 2.50GHz
stepping	: 3
microcode	: 0x17
cpu MHz		: 2494.237
cache size	: 3072 KB
physical id	: 0
siblings	: 1
core id		: 0
cpu cores	: 1
apicid		: 0
initial apicid	: 0
fpu		: yes
fpu_exception	: yes
cpuid level	: 13
wp		: yes
flags		: fpu vme de pse tsc msr pae mce cx8 apic sep mtrr pge mca cmov pat pse36 clflush dts mmx fxsr sse sse2 ss syscall nx pdpe1gb rdtscp lm constant_tsc arch_perfmon pebs bts nopl xtopology tsc_reliable nonstop_tsc cpuid aperfmperf pni pclmulqdq ssse3 fma cx16 pcid sse4_1 sse4_2 x2apic movbe popcnt tsc_deadline_timer aes xsave avx f16c rdrand hypervisor lahf_lm abm epb fsgsbase tsc_adjust bmi1 avx2 smep bmi2 invpcid xsaveopt dtherm ida arat pln pts
bugs		:
bogomips	: 4988.47
clflush size	: 64
cache_alignment	: 64
address sizes	: 42 bits physical, 48 bits virtual
power management:



Memory: 4k page, physical 4026556k(332792k free), swap 2097148k(501604k free)

vm_info: Java HotSpot(TM) 64-Bit Server VM (25.144-b01) for linux-amd64 JRE (1.8.0_144-b01), built on Jul 21 2017 21:57:33 by "java_re" with gcc 4.3.0 20080428 (Red Hat 4.3.0-8)

time: Mon Nov 13 15:51:30 2017
elapsed time: 0 seconds (0d 0h 0m 0s)

